{"/Users/macmini/Desktop/projects/backend/nestjs-boilerplate/src/app.module.ts": {"path":"/Users/macmini/Desktop/projects/backend/nestjs-boilerplate/src/app.module.ts","statementMap":{"0":{"start":{"line":1,"column":0},"end":{"line":1,"column":40}},"1":{"start":{"line":2,"column":0},"end":{"line":2,"column":51}},"2":{"start":{"line":3,"column":0},"end":{"line":3,"column":51}},"3":{"start":{"line":4,"column":0},"end":{"line":4,"column":48}},"4":{"start":{"line":5,"column":0},"end":{"line":5,"column":63}},"5":{"start":{"line":6,"column":0},"end":{"line":6,"column":51}},"6":{"start":{"line":7,"column":0},"end":{"line":7,"column":44}},"7":{"start":{"line":8,"column":0},"end":{"line":8,"column":67}},"8":{"start":{"line":9,"column":0},"end":{"line":9,"column":52}},"9":{"start":{"line":10,"column":0},"end":{"line":10,"column":24}},"10":{"start":{"line":11,"column":0},"end":{"line":11,"column":61}},"11":{"start":{"line":12,"column":0},"end":{"line":12,"column":48}},"12":{"start":{"line":13,"column":0},"end":{"line":13,"column":58}},"13":{"start":{"line":14,"column":0},"end":{"line":14,"column":45}},"14":{"start":{"line":15,"column":0},"end":{"line":15,"column":73}},"15":{"start":{"line":16,"column":0},"end":{"line":16,"column":64}},"16":{"start":{"line":17,"column":0},"end":{"line":17,"column":48}},"17":{"start":{"line":18,"column":0},"end":{"line":18,"column":56}},"18":{"start":{"line":20,"column":0},"end":{"line":20,"column":57}},"19":{"start":{"line":21,"column":0},"end":{"line":21,"column":70}},"20":{"start":{"line":22,"column":0},"end":{"line":22,"column":50}},"21":{"start":{"line":23,"column":0},"end":{"line":23,"column":75}},"22":{"start":{"line":25,"column":0},"end":{"line":25,"column":60}},"23":{"start":{"line":77,"column":7},"end":{"line":77,"column":null}},"24":{"start":{"line":77,"column":13},"end":{"line":77,"column":22}},"25":{"start":{"line":77,"column":13},"end":{"line":77,"column":null}},"26":{"start":{"line":41,"column":12},"end":{"line":41,"column":56}},"27":{"start":{"line":45,"column":68},"end":{"line":50,"column":8}},"28":{"start":{"line":55,"column":12},"end":{"line":59,"column":14}}},"fnMap":{"0":{"name":"(anonymous_2)","decl":{"start":{"line":40,"column":29},"end":{"line":40,"column":34}},"loc":{"start":{"line":40,"column":66},"end":{"line":42,"column":11}}},"1":{"name":"(anonymous_3)","decl":{"start":{"line":45,"column":18},"end":{"line":45,"column":19}},"loc":{"start":{"line":45,"column":68},"end":{"line":50,"column":8}}},"2":{"name":"(anonymous_4)","decl":{"start":{"line":54,"column":22},"end":{"line":54,"column":23}},"loc":{"start":{"line":54,"column":70},"end":{"line":60,"column":11}}}},"branchMap":{"0":{"loc":{"start":{"line":34,"column":5},"end":{"line":43,"column":10}},"type":"cond-expr","locations":[{"start":{"line":35,"column":8},"end":{"line":37,"column":10}},{"start":{"line":38,"column":8},"end":{"line":43,"column":10}}]}},"s":{"0":0,"1":0,"2":0,"3":0,"4":0,"5":0,"6":0,"7":0,"8":0,"9":0,"10":0,"11":0,"12":0,"13":0,"14":0,"15":0,"16":0,"17":0,"18":0,"19":0,"20":0,"21":0,"22":0,"23":0,"24":0,"25":0,"26":0,"27":0,"28":0},"f":{"0":0,"1":0,"2":0},"b":{"0":[0,0]}}
,"/Users/macmini/Desktop/projects/backend/nestjs-boilerplate/src/main.ts": {"path":"/Users/macmini/Desktop/projects/backend/nestjs-boilerplate/src/main.ts","statementMap":{"0":{"start":{"line":1,"column":0},"end":{"line":1,"column":23}},"1":{"start":{"line":2,"column":0},"end":{"line":2,"column":null}},"2":{"start":{"line":7,"column":0},"end":{"line":7,"column":47}},"3":{"start":{"line":8,"column":0},"end":{"line":8,"column":54}},"4":{"start":{"line":9,"column":0},"end":{"line":9,"column":65}},"5":{"start":{"line":10,"column":0},"end":{"line":10,"column":47}},"6":{"start":{"line":11,"column":0},"end":{"line":11,"column":41}},"7":{"start":{"line":12,"column":0},"end":{"line":12,"column":59}},"8":{"start":{"line":14,"column":0},"end":{"line":14,"column":76}},"9":{"start":{"line":17,"column":14},"end":{"line":17,"column":65}},"10":{"start":{"line":18,"column":2},"end":{"line":18,"column":66}},"11":{"start":{"line":19,"column":24},"end":{"line":19,"column":61}},"12":{"start":{"line":21,"column":2},"end":{"line":21,"column":28}},"13":{"start":{"line":22,"column":2},"end":{"line":27,"column":4}},"14":{"start":{"line":28,"column":2},"end":{"line":30,"column":5}},"15":{"start":{"line":31,"column":2},"end":{"line":31,"column":60}},"16":{"start":{"line":32,"column":2},"end":{"line":37,"column":4}},"17":{"start":{"line":39,"column":18},"end":{"line":44,"column":12}},"18":{"start":{"line":46,"column":19},"end":{"line":46,"column":61}},"19":{"start":{"line":47,"column":2},"end":{"line":47,"column":45}},"20":{"start":{"line":49,"column":2},"end":{"line":49,"column":74}},"21":{"start":{"line":51,"column":0},"end":{"line":51,"column":17}}},"fnMap":{"0":{"name":"bootstrap","decl":{"start":{"line":16,"column":15},"end":{"line":16,"column":24}},"loc":{"start":{"line":16,"column":24},"end":{"line":50,"column":1}}}},"branchMap":{},"s":{"0":0,"1":0,"2":0,"3":0,"4":0,"5":0,"6":0,"7":0,"8":0,"9":0,"10":0,"11":0,"12":0,"13":0,"14":0,"15":0,"16":0,"17":0,"18":0,"19":0,"20":0,"21":0},"f":{"0":0},"b":{}}
,"/Users/macmini/Desktop/projects/backend/nestjs-boilerplate/src/auth/auth-providers.enum.ts": {"path":"/Users/macmini/Desktop/projects/backend/nestjs-boilerplate/src/auth/auth-providers.enum.ts","statementMap":{"0":{"start":{"line":1,"column":0},"end":{"line":1,"column":null}},"1":{"start":{"line":2,"column":2},"end":{"line":2,"column":null}},"2":{"start":{"line":3,"column":2},"end":{"line":3,"column":null}},"3":{"start":{"line":4,"column":2},"end":{"line":4,"column":null}},"4":{"start":{"line":5,"column":2},"end":{"line":5,"column":null}},"5":{"start":{"line":6,"column":2},"end":{"line":6,"column":null}}},"fnMap":{"0":{"name":"(anonymous_0)","decl":{"start":{"line":1,"column":0},"end":{"line":1,"column":12}},"loc":{"start":{"line":1,"column":29},"end":{"line":7,"column":1}}}},"branchMap":{"0":{"loc":{"start":{"line":1,"column":12},"end":{"line":1,"column":null}},"type":"binary-expr","locations":[{"start":{"line":1,"column":12},"end":{"line":1,"column":29}},{"start":{"line":1,"column":29},"end":{"line":1,"column":null}}]}},"s":{"0":0,"1":0,"2":0,"3":0,"4":0,"5":0},"f":{"0":0},"b":{"0":[0,0]}}
,"/Users/macmini/Desktop/projects/backend/nestjs-boilerplate/src/auth/auth.controller.ts": {"path":"/Users/macmini/Desktop/projects/backend/nestjs-boilerplate/src/auth/auth.controller.ts","statementMap":{"0":{"start":{"line":1,"column":0},"end":{"line":1,"column":null}},"1":{"start":{"line":13,"column":0},"end":{"line":13,"column":45}},"2":{"start":{"line":14,"column":0},"end":{"line":14,"column":63}},"3":{"start":{"line":15,"column":0},"end":{"line":15,"column":71}},"4":{"start":{"line":16,"column":0},"end":{"line":16,"column":67}},"5":{"start":{"line":17,"column":0},"end":{"line":17,"column":69}},"6":{"start":{"line":18,"column":0},"end":{"line":18,"column":54}},"7":{"start":{"line":19,"column":0},"end":{"line":19,"column":45}},"8":{"start":{"line":20,"column":0},"end":{"line":20,"column":69}},"9":{"start":{"line":23,"column":0},"end":{"line":23,"column":55}},"10":{"start":{"line":24,"column":0},"end":{"line":24,"column":71}},"11":{"start":{"line":32,"column":7},"end":{"line":149,"column":null}},"12":{"start":{"line":33,"column":31},"end":{"line":33,"column":40}},"13":{"start":{"line":43,"column":4},"end":{"line":43,"column":48}},"14":{"start":{"line":50,"column":4},"end":{"line":50,"column":47}},"15":{"start":{"line":51,"column":4},"end":{"line":53,"column":6}},"16":{"start":{"line":60,"column":4},"end":{"line":60,"column":58}},"17":{"start":{"line":61,"column":4},"end":{"line":63,"column":6}},"18":{"start":{"line":70,"column":4},"end":{"line":70,"column":63}},"19":{"start":{"line":71,"column":4},"end":{"line":73,"column":6}},"20":{"start":{"line":80,"column":4},"end":{"line":83,"column":6}},"21":{"start":{"line":84,"column":4},"end":{"line":86,"column":6}},"22":{"start":{"line":97,"column":4},"end":{"line":97,"column":33}},"23":{"start":{"line":108,"column":4},"end":{"line":111,"column":7}},"24":{"start":{"line":118,"column":4},"end":{"line":120,"column":7}},"25":{"start":{"line":121,"column":4},"end":{"line":123,"column":6}},"26":{"start":{"line":137,"column":4},"end":{"line":137,"column":46}},"27":{"start":{"line":144,"column":4},"end":{"line":144,"column":40}},"28":{"start":{"line":145,"column":4},"end":{"line":147,"column":6}},"29":{"start":{"line":32,"column":13},"end":{"line":32,"column":27}},"30":{"start":{"line":40,"column":9},"end":{"line":44,"column":null}},"31":{"start":{"line":47,"column":8},"end":{"line":54,"column":null}},"32":{"start":{"line":57,"column":8},"end":{"line":64,"column":null}},"33":{"start":{"line":67,"column":8},"end":{"line":74,"column":null}},"34":{"start":{"line":77,"column":8},"end":{"line":87,"column":null}},"35":{"start":{"line":96,"column":9},"end":{"line":98,"column":null}},"36":{"start":{"line":107,"column":9},"end":{"line":112,"column":null}},"37":{"start":{"line":117,"column":15},"end":{"line":124,"column":null}},"38":{"start":{"line":133,"column":9},"end":{"line":138,"column":null}},"39":{"start":{"line":143,"column":15},"end":{"line":148,"column":null}},"40":{"start":{"line":32,"column":13},"end":{"line":149,"column":null}}},"fnMap":{"0":{"name":"(anonymous_4)","decl":{"start":{"line":33,"column":2},"end":{"line":33,"column":31}},"loc":{"start":{"line":33,"column":51},"end":{"line":33,"column":55}}},"1":{"name":"(anonymous_5)","decl":{"start":{"line":40,"column":9},"end":{"line":40,"column":14}},"loc":{"start":{"line":41,"column":39},"end":{"line":44,"column":3}}},"2":{"name":"(anonymous_6)","decl":{"start":{"line":47,"column":2},"end":{"line":47,"column":7}},"loc":{"start":{"line":48,"column":47},"end":{"line":54,"column":3}}},"3":{"name":"(anonymous_7)","decl":{"start":{"line":57,"column":2},"end":{"line":57,"column":7}},"loc":{"start":{"line":58,"column":48},"end":{"line":64,"column":3}}},"4":{"name":"(anonymous_8)","decl":{"start":{"line":67,"column":2},"end":{"line":67,"column":7}},"loc":{"start":{"line":68,"column":52},"end":{"line":74,"column":3}}},"5":{"name":"(anonymous_9)","decl":{"start":{"line":77,"column":2},"end":{"line":77,"column":7}},"loc":{"start":{"line":78,"column":50},"end":{"line":87,"column":3}}},"6":{"name":"(anonymous_10)","decl":{"start":{"line":96,"column":9},"end":{"line":96,"column":11}},"loc":{"start":{"line":96,"column":27},"end":{"line":98,"column":3}}},"7":{"name":"(anonymous_11)","decl":{"start":{"line":107,"column":9},"end":{"line":107,"column":16}},"loc":{"start":{"line":107,"column":32},"end":{"line":112,"column":3}}},"8":{"name":"(anonymous_12)","decl":{"start":{"line":117,"column":9},"end":{"line":117,"column":14}},"loc":{"start":{"line":117,"column":37},"end":{"line":124,"column":3}}},"9":{"name":"(anonymous_13)","decl":{"start":{"line":133,"column":9},"end":{"line":133,"column":15}},"loc":{"start":{"line":135,"column":34},"end":{"line":138,"column":3}}},"10":{"name":"(anonymous_14)","decl":{"start":{"line":143,"column":9},"end":{"line":143,"column":14}},"loc":{"start":{"line":143,"column":37},"end":{"line":148,"column":3}}}},"branchMap":{},"s":{"0":0,"1":0,"2":0,"3":0,"4":0,"5":0,"6":0,"7":0,"8":0,"9":0,"10":0,"11":0,"12":0,"13":0,"14":0,"15":0,"16":0,"17":0,"18":0,"19":0,"20":0,"21":0,"22":0,"23":0,"24":0,"25":0,"26":0,"27":0,"28":0,"29":0,"30":0,"31":0,"32":0,"33":0,"34":0,"35":0,"36":0,"37":0,"38":0,"39":0,"40":0},"f":{"0":0,"1":0,"2":0,"3":0,"4":0,"5":0,"6":0,"7":0,"8":0,"9":0,"10":0},"b":{}}
,"/Users/macmini/Desktop/projects/backend/nestjs-boilerplate/src/auth/auth.module.ts": {"path":"/Users/macmini/Desktop/projects/backend/nestjs-boilerplate/src/auth/auth.module.ts","statementMap":{"0":{"start":{"line":1,"column":0},"end":{"line":1,"column":40}},"1":{"start":{"line":2,"column":0},"end":{"line":2,"column":51}},"2":{"start":{"line":3,"column":0},"end":{"line":3,"column":45}},"3":{"start":{"line":4,"column":0},"end":{"line":4,"column":50}},"4":{"start":{"line":5,"column":0},"end":{"line":5,"column":40}},"5":{"start":{"line":6,"column":0},"end":{"line":6,"column":56}},"6":{"start":{"line":7,"column":0},"end":{"line":7,"column":68}},"7":{"start":{"line":8,"column":0},"end":{"line":8,"column":53}},"8":{"start":{"line":9,"column":0},"end":{"line":9,"column":66}},"9":{"start":{"line":10,"column":0},"end":{"line":10,"column":59}},"10":{"start":{"line":11,"column":0},"end":{"line":11,"column":71}},"11":{"start":{"line":25,"column":7},"end":{"line":25,"column":null}},"12":{"start":{"line":25,"column":13},"end":{"line":25,"column":23}},"13":{"start":{"line":25,"column":13},"end":{"line":25,"column":null}}},"fnMap":{},"branchMap":{},"s":{"0":0,"1":0,"2":0,"3":0,"4":0,"5":0,"6":0,"7":0,"8":0,"9":0,"10":0,"11":0,"12":0,"13":0},"f":{},"b":{}}
,"/Users/macmini/Desktop/projects/backend/nestjs-boilerplate/src/auth/auth.service.ts": {"path":"/Users/macmini/Desktop/projects/backend/nestjs-boilerplate/src/auth/auth.service.ts","statementMap":{"0":{"start":{"line":1,"column":0},"end":{"line":1,"column":null}},"1":{"start":{"line":7,"column":0},"end":{"line":7,"column":20}},"2":{"start":{"line":8,"column":0},"end":{"line":8,"column":28}},"3":{"start":{"line":9,"column":0},"end":{"line":9,"column":90}},"4":{"start":{"line":10,"column":0},"end":{"line":10,"column":41}},"5":{"start":{"line":11,"column":0},"end":{"line":11,"column":30}},"6":{"start":{"line":14,"column":0},"end":{"line":14,"column":48}},"7":{"start":{"line":15,"column":0},"end":{"line":15,"column":63}},"8":{"start":{"line":16,"column":0},"end":{"line":16,"column":58}},"9":{"start":{"line":19,"column":0},"end":{"line":19,"column":68}},"10":{"start":{"line":22,"column":0},"end":{"line":22,"column":47}},"11":{"start":{"line":28,"column":0},"end":{"line":28,"column":55}},"12":{"start":{"line":29,"column":0},"end":{"line":29,"column":61}},"13":{"start":{"line":32,"column":7},"end":{"line":569,"column":null}},"14":{"start":{"line":34,"column":12},"end":{"line":34,"column":24}},"15":{"start":{"line":35,"column":12},"end":{"line":35,"column":26}},"16":{"start":{"line":36,"column":12},"end":{"line":36,"column":28}},"17":{"start":{"line":37,"column":12},"end":{"line":37,"column":25}},"18":{"start":{"line":38,"column":12},"end":{"line":38,"column":27}},"19":{"start":{"line":42,"column":17},"end":{"line":44,"column":6}},"20":{"start":{"line":46,"column":4},"end":{"line":56,"column":5}},"21":{"start":{"line":47,"column":6},"end":{"line":55,"column":8}},"22":{"start":{"line":58,"column":4},"end":{"line":68,"column":5}},"23":{"start":{"line":59,"column":6},"end":{"line":67,"column":8}},"24":{"start":{"line":70,"column":4},"end":{"line":80,"column":5}},"25":{"start":{"line":71,"column":6},"end":{"line":79,"column":8}},"26":{"start":{"line":82,"column":28},"end":{"line":84,"column":null}},"27":{"start":{"line":87,"column":4},"end":{"line":97,"column":5}},"28":{"start":{"line":88,"column":6},"end":{"line":96,"column":8}},"29":{"start":{"line":99,"column":17},"end":{"line":102,"column":20}},"30":{"start":{"line":104,"column":20},"end":{"line":107,"column":6}},"31":{"start":{"line":109,"column":50},"end":{"line":114,"column":6}},"32":{"start":{"line":116,"column":4},"end":{"line":121,"column":6}},"33":{"start":{"line":128,"column":35},"end":{"line":128,"column":39}},"34":{"start":{"line":129,"column":24},"end":{"line":129,"column":55}},"35":{"start":{"line":130,"column":42},"end":{"line":130,"column":46}},"36":{"start":{"line":132,"column":4},"end":{"line":136,"column":5}},"37":{"start":{"line":133,"column":6},"end":{"line":135,"column":9}},"38":{"start":{"line":138,"column":4},"end":{"line":143,"column":5}},"39":{"start":{"line":139,"column":6},"end":{"line":142,"column":9}},"40":{"start":{"line":145,"column":4},"end":{"line":173,"column":5}},"41":{"start":{"line":146,"column":6},"end":{"line":148,"column":7}},"42":{"start":{"line":147,"column":8},"end":{"line":147,"column":33}},"43":{"start":{"line":149,"column":6},"end":{"line":149,"column":52}},"44":{"start":{"line":150,"column":11},"end":{"line":173,"column":5}},"45":{"start":{"line":151,"column":6},"end":{"line":151,"column":25}},"46":{"start":{"line":152,"column":11},"end":{"line":173,"column":5}},"47":{"start":{"line":153,"column":19},"end":{"line":155,"column":8}},"48":{"start":{"line":156,"column":21},"end":{"line":158,"column":8}},"49":{"start":{"line":160,"column":6},"end":{"line":168,"column":9}},"50":{"start":{"line":170,"column":6},"end":{"line":172,"column":9}},"51":{"start":{"line":175,"column":4},"end":{"line":185,"column":5}},"52":{"start":{"line":176,"column":6},"end":{"line":184,"column":8}},"53":{"start":{"line":187,"column":17},"end":{"line":190,"column":20}},"54":{"start":{"line":192,"column":20},"end":{"line":195,"column":6}},"55":{"start":{"line":201,"column":8},"end":{"line":206,"column":6}},"56":{"start":{"line":208,"column":4},"end":{"line":213,"column":6}},"57":{"start":{"line":217,"column":17},"end":{"line":226,"column":6}},"58":{"start":{"line":228,"column":17},"end":{"line":239,"column":null}},"59":{"start":{"line":242,"column":4},"end":{"line":247,"column":7}},"60":{"start":{"line":253,"column":4},"end":{"line":273,"column":5}},"61":{"start":{"line":254,"column":22},"end":{"line":260,"column":8}},"62":{"start":{"line":262,"column":6},"end":{"line":262,"column":42}},"63":{"start":{"line":264,"column":6},"end":{"line":272,"column":8}},"64":{"start":{"line":275,"column":17},"end":{"line":277,"column":6}},"65":{"start":{"line":279,"column":4},"end":{"line":287,"column":5}},"66":{"start":{"line":280,"column":6},"end":{"line":286,"column":8}},"67":{"start":{"line":289,"column":4},"end":{"line":291,"column":6}},"68":{"start":{"line":293,"column":4},"end":{"line":293,"column":50}},"69":{"start":{"line":297,"column":17},"end":{"line":299,"column":6}},"70":{"start":{"line":301,"column":4},"end":{"line":311,"column":5}},"71":{"start":{"line":302,"column":6},"end":{"line":310,"column":8}},"72":{"start":{"line":313,"column":27},"end":{"line":315,"column":6}},"73":{"start":{"line":317,"column":25},"end":{"line":317,"column":56}},"74":{"start":{"line":319,"column":17},"end":{"line":328,"column":null}},"75":{"start":{"line":331,"column":4},"end":{"line":337,"column":7}},"76":{"start":{"line":343,"column":4},"end":{"line":363,"column":5}},"77":{"start":{"line":344,"column":22},"end":{"line":350,"column":8}},"78":{"start":{"line":352,"column":6},"end":{"line":352,"column":36}},"79":{"start":{"line":354,"column":6},"end":{"line":362,"column":8}},"80":{"start":{"line":365,"column":17},"end":{"line":367,"column":6}},"81":{"start":{"line":369,"column":4},"end":{"line":379,"column":5}},"82":{"start":{"line":370,"column":6},"end":{"line":378,"column":8}},"83":{"start":{"line":381,"column":4},"end":{"line":381,"column":29}},"84":{"start":{"line":383,"column":4},"end":{"line":387,"column":7}},"85":{"start":{"line":389,"column":4},"end":{"line":389,"column":50}},"86":{"start":{"line":393,"column":4},"end":{"line":395,"column":7}},"87":{"start":{"line":402,"column":4},"end":{"line":466,"column":5}},"88":{"start":{"line":403,"column":6},"end":{"line":413,"column":7}},"89":{"start":{"line":404,"column":8},"end":{"line":412,"column":10}},"90":{"start":{"line":415,"column":26},"end":{"line":417,"column":8}},"91":{"start":{"line":419,"column":6},"end":{"line":429,"column":7}},"92":{"start":{"line":420,"column":8},"end":{"line":428,"column":10}},"93":{"start":{"line":431,"column":6},"end":{"line":441,"column":7}},"94":{"start":{"line":432,"column":8},"end":{"line":440,"column":10}},"95":{"start":{"line":443,"column":33},"end":{"line":445,"column":null}},"96":{"start":{"line":448,"column":6},"end":{"line":465,"column":7}},"97":{"start":{"line":449,"column":8},"end":{"line":457,"column":10}},"98":{"start":{"line":459,"column":8},"end":{"line":464,"column":11}},"99":{"start":{"line":468,"column":4},"end":{"line":468,"column":63}},"100":{"start":{"line":470,"column":4},"end":{"line":472,"column":7}},"101":{"start":{"line":478,"column":20},"end":{"line":480,"column":6}},"102":{"start":{"line":482,"column":4},"end":{"line":484,"column":5}},"103":{"start":{"line":483,"column":6},"end":{"line":483,"column":40}},"104":{"start":{"line":486,"column":4},"end":{"line":488,"column":5}},"105":{"start":{"line":487,"column":6},"end":{"line":487,"column":40}},"106":{"start":{"line":490,"column":17},"end":{"line":493,"column":20}},"107":{"start":{"line":495,"column":4},"end":{"line":497,"column":7}},"108":{"start":{"line":499,"column":50},"end":{"line":504,"column":6}},"109":{"start":{"line":506,"column":4},"end":{"line":510,"column":6}},"110":{"start":{"line":514,"column":4},"end":{"line":514,"column":48}},"111":{"start":{"line":518,"column":4},"end":{"line":520,"column":7}},"112":{"start":{"line":529,"column":27},"end":{"line":531,"column":6}},"113":{"start":{"line":533,"column":25},"end":{"line":533,"column":56}},"114":{"start":{"line":535,"column":34},"end":{"line":561,"column":6}},"115":{"start":{"line":563,"column":4},"end":{"line":567,"column":6}},"116":{"start":{"line":32,"column":13},"end":{"line":32,"column":24}},"117":{"start":{"line":32,"column":13},"end":{"line":569,"column":null}}},"fnMap":{"0":{"name":"(anonymous_3)","decl":{"start":{"line":33,"column":2},"end":{"line":33,"column":null}},"loc":{"start":{"line":38,"column":55},"end":{"line":39,"column":6}}},"1":{"name":"(anonymous_4)","decl":{"start":{"line":41,"column":2},"end":{"line":41,"column":7}},"loc":{"start":{"line":41,"column":49},"end":{"line":122,"column":3}}},"2":{"name":"(anonymous_5)","decl":{"start":{"line":124,"column":2},"end":{"line":124,"column":7}},"loc":{"start":{"line":126,"column":31},"end":{"line":214,"column":3}}},"3":{"name":"(anonymous_6)","decl":{"start":{"line":216,"column":2},"end":{"line":216,"column":7}},"loc":{"start":{"line":216,"column":42},"end":{"line":248,"column":3}}},"4":{"name":"(anonymous_7)","decl":{"start":{"line":250,"column":2},"end":{"line":250,"column":7}},"loc":{"start":{"line":250,"column":33},"end":{"line":294,"column":3}}},"5":{"name":"(anonymous_8)","decl":{"start":{"line":296,"column":2},"end":{"line":296,"column":7}},"loc":{"start":{"line":296,"column":36},"end":{"line":338,"column":3}}},"6":{"name":"(anonymous_9)","decl":{"start":{"line":340,"column":2},"end":{"line":340,"column":7}},"loc":{"start":{"line":340,"column":52},"end":{"line":390,"column":3}}},"7":{"name":"(anonymous_10)","decl":{"start":{"line":392,"column":2},"end":{"line":392,"column":7}},"loc":{"start":{"line":392,"column":41},"end":{"line":396,"column":3}}},"8":{"name":"(anonymous_11)","decl":{"start":{"line":398,"column":2},"end":{"line":398,"column":7}},"loc":{"start":{"line":400,"column":26},"end":{"line":473,"column":3}}},"9":{"name":"(anonymous_12)","decl":{"start":{"line":475,"column":2},"end":{"line":475,"column":7}},"loc":{"start":{"line":476,"column":59},"end":{"line":511,"column":3}}},"10":{"name":"(anonymous_13)","decl":{"start":{"line":513,"column":2},"end":{"line":513,"column":7}},"loc":{"start":{"line":513,"column":29},"end":{"line":515,"column":3}}},"11":{"name":"(anonymous_14)","decl":{"start":{"line":517,"column":2},"end":{"line":517,"column":7}},"loc":{"start":{"line":517,"column":61},"end":{"line":521,"column":3}}},"12":{"name":"(anonymous_15)","decl":{"start":{"line":523,"column":10},"end":{"line":523,"column":15}},"loc":{"start":{"line":528,"column":3},"end":{"line":568,"column":3}}}},"branchMap":{"0":{"loc":{"start":{"line":46,"column":4},"end":{"line":56,"column":5}},"type":"if","locations":[{"start":{"line":46,"column":4},"end":{"line":56,"column":5}}]},"1":{"loc":{"start":{"line":58,"column":4},"end":{"line":68,"column":5}},"type":"if","locations":[{"start":{"line":58,"column":4},"end":{"line":68,"column":5}}]},"2":{"loc":{"start":{"line":70,"column":4},"end":{"line":80,"column":5}},"type":"if","locations":[{"start":{"line":70,"column":4},"end":{"line":80,"column":5}}]},"3":{"loc":{"start":{"line":87,"column":4},"end":{"line":97,"column":5}},"type":"if","locations":[{"start":{"line":87,"column":4},"end":{"line":97,"column":5}}]},"4":{"loc":{"start":{"line":132,"column":4},"end":{"line":136,"column":5}},"type":"if","locations":[{"start":{"line":132,"column":4},"end":{"line":136,"column":5}}]},"5":{"loc":{"start":{"line":138,"column":4},"end":{"line":143,"column":5}},"type":"if","locations":[{"start":{"line":138,"column":4},"end":{"line":143,"column":5}}]},"6":{"loc":{"start":{"line":145,"column":4},"end":{"line":173,"column":5}},"type":"if","locations":[{"start":{"line":145,"column":4},"end":{"line":173,"column":5}},{"start":{"line":150,"column":11},"end":{"line":173,"column":5}}]},"7":{"loc":{"start":{"line":146,"column":6},"end":{"line":148,"column":7}},"type":"if","locations":[{"start":{"line":146,"column":6},"end":{"line":148,"column":7}}]},"8":{"loc":{"start":{"line":146,"column":10},"end":{"line":146,"column":37}},"type":"binary-expr","locations":[{"start":{"line":146,"column":10},"end":{"line":146,"column":21}},{"start":{"line":146,"column":25},"end":{"line":146,"column":37}}]},"9":{"loc":{"start":{"line":150,"column":11},"end":{"line":173,"column":5}},"type":"if","locations":[{"start":{"line":150,"column":11},"end":{"line":173,"column":5}},{"start":{"line":152,"column":11},"end":{"line":173,"column":5}}]},"10":{"loc":{"start":{"line":152,"column":11},"end":{"line":173,"column":5}},"type":"if","locations":[{"start":{"line":152,"column":11},"end":{"line":173,"column":5}}]},"11":{"loc":{"start":{"line":161,"column":15},"end":{"line":161,"column":34}},"type":"binary-expr","locations":[{"start":{"line":161,"column":15},"end":{"line":161,"column":26}},{"start":{"line":161,"column":30},"end":{"line":161,"column":34}}]},"12":{"loc":{"start":{"line":162,"column":19},"end":{"line":162,"column":47}},"type":"binary-expr","locations":[{"start":{"line":162,"column":19},"end":{"line":162,"column":39}},{"start":{"line":162,"column":43},"end":{"line":162,"column":47}}]},"13":{"loc":{"start":{"line":163,"column":18},"end":{"line":163,"column":45}},"type":"binary-expr","locations":[{"start":{"line":163,"column":18},"end":{"line":163,"column":37}},{"start":{"line":163,"column":41},"end":{"line":163,"column":45}}]},"14":{"loc":{"start":{"line":175,"column":4},"end":{"line":185,"column":5}},"type":"if","locations":[{"start":{"line":175,"column":4},"end":{"line":185,"column":5}}]},"15":{"loc":{"start":{"line":279,"column":4},"end":{"line":287,"column":5}},"type":"if","locations":[{"start":{"line":279,"column":4},"end":{"line":287,"column":5}}]},"16":{"loc":{"start":{"line":279,"column":8},"end":{"line":279,"column":57}},"type":"binary-expr","locations":[{"start":{"line":279,"column":8},"end":{"line":279,"column":13}},{"start":{"line":279,"column":17},"end":{"line":279,"column":57}}]},"17":{"loc":{"start":{"line":301,"column":4},"end":{"line":311,"column":5}},"type":"if","locations":[{"start":{"line":301,"column":4},"end":{"line":311,"column":5}}]},"18":{"loc":{"start":{"line":369,"column":4},"end":{"line":379,"column":5}},"type":"if","locations":[{"start":{"line":369,"column":4},"end":{"line":379,"column":5}}]},"19":{"loc":{"start":{"line":402,"column":4},"end":{"line":466,"column":5}},"type":"if","locations":[{"start":{"line":402,"column":4},"end":{"line":466,"column":5}}]},"20":{"loc":{"start":{"line":403,"column":6},"end":{"line":413,"column":7}},"type":"if","locations":[{"start":{"line":403,"column":6},"end":{"line":413,"column":7}}]},"21":{"loc":{"start":{"line":419,"column":6},"end":{"line":429,"column":7}},"type":"if","locations":[{"start":{"line":419,"column":6},"end":{"line":429,"column":7}}]},"22":{"loc":{"start":{"line":431,"column":6},"end":{"line":441,"column":7}},"type":"if","locations":[{"start":{"line":431,"column":6},"end":{"line":441,"column":7}}]},"23":{"loc":{"start":{"line":448,"column":6},"end":{"line":465,"column":7}},"type":"if","locations":[{"start":{"line":448,"column":6},"end":{"line":465,"column":7}},{"start":{"line":458,"column":13},"end":{"line":465,"column":7}}]},"24":{"loc":{"start":{"line":482,"column":4},"end":{"line":484,"column":5}},"type":"if","locations":[{"start":{"line":482,"column":4},"end":{"line":484,"column":5}}]},"25":{"loc":{"start":{"line":486,"column":4},"end":{"line":488,"column":5}},"type":"if","locations":[{"start":{"line":486,"column":4},"end":{"line":488,"column":5}}]}},"s":{"0":0,"1":0,"2":0,"3":0,"4":0,"5":0,"6":0,"7":0,"8":0,"9":0,"10":0,"11":0,"12":0,"13":0,"14":0,"15":0,"16":0,"17":0,"18":0,"19":0,"20":0,"21":0,"22":0,"23":0,"24":0,"25":0,"26":0,"27":0,"28":0,"29":0,"30":0,"31":0,"32":0,"33":0,"34":0,"35":0,"36":0,"37":0,"38":0,"39":0,"40":0,"41":0,"42":0,"43":0,"44":0,"45":0,"46":0,"47":0,"48":0,"49":0,"50":0,"51":0,"52":0,"53":0,"54":0,"55":0,"56":0,"57":0,"58":0,"59":0,"60":0,"61":0,"62":0,"63":0,"64":0,"65":0,"66":0,"67":0,"68":0,"69":0,"70":0,"71":0,"72":0,"73":0,"74":0,"75":0,"76":0,"77":0,"78":0,"79":0,"80":0,"81":0,"82":0,"83":0,"84":0,"85":0,"86":0,"87":0,"88":0,"89":0,"90":0,"91":0,"92":0,"93":0,"94":0,"95":0,"96":0,"97":0,"98":0,"99":0,"100":0,"101":0,"102":0,"103":0,"104":0,"105":0,"106":0,"107":0,"108":0,"109":0,"110":0,"111":0,"112":0,"113":0,"114":0,"115":0,"116":0,"117":0},"f":{"0":0,"1":0,"2":0,"3":0,"4":0,"5":0,"6":0,"7":0,"8":0,"9":0,"10":0,"11":0,"12":0},"b":{"0":[0],"1":[0],"2":[0],"3":[0],"4":[0],"5":[0],"6":[0,0],"7":[0],"8":[0,0],"9":[0,0],"10":[0],"11":[0,0],"12":[0,0],"13":[0,0],"14":[0],"15":[0],"16":[0,0],"17":[0],"18":[0],"19":[0],"20":[0],"21":[0],"22":[0],"23":[0,0],"24":[0],"25":[0]}}
,"/Users/macmini/Desktop/projects/backend/nestjs-boilerplate/src/auth/config/auth.config.ts": {"path":"/Users/macmini/Desktop/projects/backend/nestjs-boilerplate/src/auth/config/auth.config.ts","statementMap":{"0":{"start":{"line":1,"column":0},"end":{"line":1,"column":44}},"1":{"start":{"line":3,"column":0},"end":{"line":3,"column":43}},"2":{"start":{"line":4,"column":0},"end":{"line":4,"column":57}},"3":{"start":{"line":8,"column":2},"end":{"line":8,"column":null}},"4":{"start":{"line":11,"column":2},"end":{"line":11,"column":null}},"5":{"start":{"line":14,"column":2},"end":{"line":14,"column":null}},"6":{"start":{"line":17,"column":2},"end":{"line":17,"column":null}},"7":{"start":{"line":20,"column":2},"end":{"line":20,"column":null}},"8":{"start":{"line":23,"column":2},"end":{"line":23,"column":null}},"9":{"start":{"line":26,"column":2},"end":{"line":26,"column":null}},"10":{"start":{"line":29,"column":2},"end":{"line":29,"column":null}},"11":{"start":{"line":32,"column":0},"end":{"line":45,"column":3}},"12":{"start":{"line":33,"column":2},"end":{"line":33,"column":61}},"13":{"start":{"line":35,"column":2},"end":{"line":44,"column":4}}},"fnMap":{"0":{"name":"(anonymous_3)","decl":{"start":{"line":32,"column":46},"end":{"line":32,"column":49}},"loc":{"start":{"line":32,"column":51},"end":{"line":45,"column":1}}}},"branchMap":{},"s":{"0":0,"1":0,"2":0,"3":0,"4":0,"5":0,"6":0,"7":0,"8":0,"9":0,"10":0,"11":0,"12":0,"13":0},"f":{"0":0},"b":{}}
,"/Users/macmini/Desktop/projects/backend/nestjs-boilerplate/src/auth/constants/response.ts": {"path":"/Users/macmini/Desktop/projects/backend/nestjs-boilerplate/src/auth/constants/response.ts","statementMap":{"0":{"start":{"line":3,"column":13},"end":{"line":5,"column":2}},"1":{"start":{"line":6,"column":13},"end":{"line":8,"column":2}}},"fnMap":{},"branchMap":{},"s":{"0":0,"1":0},"f":{},"b":{}}
,"/Users/macmini/Desktop/projects/backend/nestjs-boilerplate/src/auth/dto/auth-confirm-email.dto.ts": {"path":"/Users/macmini/Desktop/projects/backend/nestjs-boilerplate/src/auth/dto/auth-confirm-email.dto.ts","statementMap":{"0":{"start":{"line":1,"column":0},"end":{"line":1,"column":46}},"1":{"start":{"line":2,"column":0},"end":{"line":2,"column":45}},"2":{"start":{"line":4,"column":0},"end":{"line":4,"column":13}},"3":{"start":{"line":7,"column":2},"end":{"line":7,"column":null}}},"fnMap":{},"branchMap":{},"s":{"0":0,"1":0,"2":0,"3":0},"f":{},"b":{}}
,"/Users/macmini/Desktop/projects/backend/nestjs-boilerplate/src/auth/dto/auth-email-login.dto.ts": {"path":"/Users/macmini/Desktop/projects/backend/nestjs-boilerplate/src/auth/dto/auth-email-login.dto.ts","statementMap":{"0":{"start":{"line":1,"column":0},"end":{"line":1,"column":46}},"1":{"start":{"line":2,"column":0},"end":{"line":2,"column":54}},"2":{"start":{"line":3,"column":0},"end":{"line":3,"column":46}},"3":{"start":{"line":4,"column":0},"end":{"line":4,"column":87}},"4":{"start":{"line":6,"column":0},"end":{"line":6,"column":13}},"5":{"start":{"line":11,"column":2},"end":{"line":11,"column":null}},"6":{"start":{"line":15,"column":2},"end":{"line":15,"column":null}}},"fnMap":{},"branchMap":{},"s":{"0":0,"1":0,"2":0,"3":0,"4":0,"5":0,"6":0},"f":{},"b":{}}
,"/Users/macmini/Desktop/projects/backend/nestjs-boilerplate/src/auth/dto/auth-forgot-password.dto.ts": {"path":"/Users/macmini/Desktop/projects/backend/nestjs-boilerplate/src/auth/dto/auth-forgot-password.dto.ts","statementMap":{"0":{"start":{"line":1,"column":0},"end":{"line":1,"column":46}},"1":{"start":{"line":2,"column":0},"end":{"line":2,"column":42}},"2":{"start":{"line":3,"column":0},"end":{"line":3,"column":46}},"3":{"start":{"line":4,"column":0},"end":{"line":4,"column":87}},"4":{"start":{"line":6,"column":0},"end":{"line":6,"column":13}},"5":{"start":{"line":10,"column":2},"end":{"line":10,"column":null}}},"fnMap":{},"branchMap":{},"s":{"0":0,"1":0,"2":0,"3":0,"4":0,"5":0},"f":{},"b":{}}
,"/Users/macmini/Desktop/projects/backend/nestjs-boilerplate/src/auth/dto/auth-register-login.dto.ts": {"path":"/Users/macmini/Desktop/projects/backend/nestjs-boilerplate/src/auth/dto/auth-register-login.dto.ts","statementMap":{"0":{"start":{"line":1,"column":0},"end":{"line":1,"column":46}},"1":{"start":{"line":2,"column":0},"end":{"line":2,"column":65}},"2":{"start":{"line":3,"column":0},"end":{"line":3,"column":46}},"3":{"start":{"line":4,"column":0},"end":{"line":4,"column":87}},"4":{"start":{"line":5,"column":0},"end":{"line":5,"column":48}},"5":{"start":{"line":27,"column":2},"end":{"line":27,"column":33}},"6":{"start":{"line":7,"column":0},"end":{"line":7,"column":13}},"7":{"start":{"line":11,"column":2},"end":{"line":11,"column":null}},"8":{"start":{"line":15,"column":2},"end":{"line":15,"column":null}},"9":{"start":{"line":19,"column":2},"end":{"line":19,"column":null}},"10":{"start":{"line":23,"column":2},"end":{"line":23,"column":null}},"11":{"start":{"line":27,"column":2},"end":{"line":27,"column":null}}},"fnMap":{"0":{"name":"(anonymous_2)","decl":{"start":{"line":7,"column":0},"end":{"line":7,"column":13}},"loc":{"start":{"line":7,"column":0},"end":{"line":28,"column":1}}}},"branchMap":{},"s":{"0":0,"1":0,"2":0,"3":0,"4":0,"5":0,"6":0,"7":0,"8":0,"9":0,"10":0,"11":0},"f":{"0":0},"b":{}}
,"/Users/macmini/Desktop/projects/backend/nestjs-boilerplate/src/auth/dto/auth-reset-password.dto.ts": {"path":"/Users/macmini/Desktop/projects/backend/nestjs-boilerplate/src/auth/dto/auth-reset-password.dto.ts","statementMap":{"0":{"start":{"line":1,"column":0},"end":{"line":1,"column":46}},"1":{"start":{"line":2,"column":0},"end":{"line":2,"column":45}},"2":{"start":{"line":4,"column":0},"end":{"line":4,"column":13}},"3":{"start":{"line":7,"column":2},"end":{"line":7,"column":null}},"4":{"start":{"line":11,"column":2},"end":{"line":11,"column":null}}},"fnMap":{},"branchMap":{},"s":{"0":0,"1":0,"2":0,"3":0,"4":0},"f":{},"b":{}}
,"/Users/macmini/Desktop/projects/backend/nestjs-boilerplate/src/auth/dto/auth-update.dto.ts": {"path":"/Users/macmini/Desktop/projects/backend/nestjs-boilerplate/src/auth/dto/auth-update.dto.ts","statementMap":{"0":{"start":{"line":1,"column":0},"end":{"line":1,"column":54}},"1":{"start":{"line":2,"column":0},"end":{"line":2,"column":68}},"2":{"start":{"line":3,"column":0},"end":{"line":3,"column":49}},"3":{"start":{"line":5,"column":0},"end":{"line":5,"column":13}},"4":{"start":{"line":8,"column":2},"end":{"line":8,"column":null}},"5":{"start":{"line":6,"column":37},"end":{"line":6,"column":44}},"6":{"start":{"line":13,"column":2},"end":{"line":13,"column":null}},"7":{"start":{"line":18,"column":2},"end":{"line":18,"column":null}},"8":{"start":{"line":24,"column":2},"end":{"line":24,"column":null}},"9":{"start":{"line":29,"column":2},"end":{"line":29,"column":null}}},"fnMap":{"0":{"name":"(anonymous_2)","decl":{"start":{"line":6,"column":31},"end":{"line":6,"column":34}},"loc":{"start":{"line":6,"column":37},"end":{"line":6,"column":44}}}},"branchMap":{},"s":{"0":0,"1":0,"2":0,"3":0,"4":0,"5":0,"6":0,"7":0,"8":0,"9":0},"f":{"0":0},"b":{}}
,"/Users/macmini/Desktop/projects/backend/nestjs-boilerplate/src/auth/strategies/anonymous.strategy.ts": {"path":"/Users/macmini/Desktop/projects/backend/nestjs-boilerplate/src/auth/strategies/anonymous.strategy.ts","statementMap":{"0":{"start":{"line":1,"column":0},"end":{"line":1,"column":46}},"1":{"start":{"line":2,"column":0},"end":{"line":2,"column":44}},"2":{"start":{"line":3,"column":0},"end":{"line":3,"column":52}},"3":{"start":{"line":6,"column":7},"end":{"line":14,"column":null}},"4":{"start":{"line":8,"column":4},"end":{"line":8,"column":12}},"5":{"start":{"line":12,"column":4},"end":{"line":12,"column":19}},"6":{"start":{"line":6,"column":13},"end":{"line":6,"column":30}},"7":{"start":{"line":6,"column":13},"end":{"line":14,"column":null}}},"fnMap":{"0":{"name":"(anonymous_2)","decl":{"start":{"line":7,"column":2},"end":{"line":7,"column":null}},"loc":{"start":{"line":7,"column":2},"end":{"line":9,"column":3}}},"1":{"name":"(anonymous_3)","decl":{"start":{"line":11,"column":9},"end":{"line":11,"column":17}},"loc":{"start":{"line":11,"column":52},"end":{"line":13,"column":3}}}},"branchMap":{},"s":{"0":0,"1":0,"2":0,"3":0,"4":0,"5":0,"6":0,"7":0},"f":{"0":0,"1":0},"b":{}}
,"/Users/macmini/Desktop/projects/backend/nestjs-boilerplate/src/auth/strategies/jwt-refresh.strategy.ts": {"path":"/Users/macmini/Desktop/projects/backend/nestjs-boilerplate/src/auth/strategies/jwt-refresh.strategy.ts","statementMap":{"0":{"start":{"line":1,"column":0},"end":{"line":1,"column":52}},"1":{"start":{"line":2,"column":0},"end":{"line":2,"column":67}},"2":{"start":{"line":3,"column":0},"end":{"line":3,"column":52}},"3":{"start":{"line":4,"column":0},"end":{"line":4,"column":47}},"4":{"start":{"line":10,"column":7},"end":{"line":30,"column":null}},"5":{"start":{"line":15,"column":4},"end":{"line":18,"column":7}},"6":{"start":{"line":24,"column":4},"end":{"line":26,"column":5}},"7":{"start":{"line":25,"column":6},"end":{"line":25,"column":40}},"8":{"start":{"line":28,"column":4},"end":{"line":28,"column":19}},"9":{"start":{"line":10,"column":13},"end":{"line":10,"column":31}},"10":{"start":{"line":10,"column":13},"end":{"line":30,"column":null}}},"fnMap":{"0":{"name":"(anonymous_2)","decl":{"start":{"line":14,"column":2},"end":{"line":14,"column":14}},"loc":{"start":{"line":14,"column":57},"end":{"line":19,"column":3}}},"1":{"name":"(anonymous_3)","decl":{"start":{"line":21,"column":9},"end":{"line":21,"column":17}},"loc":{"start":{"line":22,"column":34},"end":{"line":29,"column":3}}}},"branchMap":{"0":{"loc":{"start":{"line":24,"column":4},"end":{"line":26,"column":5}},"type":"if","locations":[{"start":{"line":24,"column":4},"end":{"line":26,"column":5}}]}},"s":{"0":0,"1":0,"2":0,"3":0,"4":0,"5":0,"6":0,"7":0,"8":0,"9":0,"10":0},"f":{"0":0,"1":0},"b":{"0":[0]}}
,"/Users/macmini/Desktop/projects/backend/nestjs-boilerplate/src/auth/strategies/jwt.strategy.ts": {"path":"/Users/macmini/Desktop/projects/backend/nestjs-boilerplate/src/auth/strategies/jwt.strategy.ts","statementMap":{"0":{"start":{"line":1,"column":0},"end":{"line":1,"column":52}},"1":{"start":{"line":2,"column":0},"end":{"line":2,"column":67}},"2":{"start":{"line":3,"column":0},"end":{"line":3,"column":52}},"3":{"start":{"line":4,"column":0},"end":{"line":4,"column":47}},"4":{"start":{"line":10,"column":7},"end":{"line":27,"column":null}},"5":{"start":{"line":12,"column":4},"end":{"line":15,"column":7}},"6":{"start":{"line":21,"column":4},"end":{"line":23,"column":5}},"7":{"start":{"line":22,"column":6},"end":{"line":22,"column":40}},"8":{"start":{"line":25,"column":4},"end":{"line":25,"column":19}},"9":{"start":{"line":10,"column":13},"end":{"line":10,"column":24}},"10":{"start":{"line":10,"column":13},"end":{"line":27,"column":null}}},"fnMap":{"0":{"name":"(anonymous_2)","decl":{"start":{"line":11,"column":2},"end":{"line":11,"column":14}},"loc":{"start":{"line":11,"column":57},"end":{"line":16,"column":3}}},"1":{"name":"(anonymous_3)","decl":{"start":{"line":20,"column":9},"end":{"line":20,"column":17}},"loc":{"start":{"line":20,"column":41},"end":{"line":26,"column":3}}}},"branchMap":{"0":{"loc":{"start":{"line":21,"column":4},"end":{"line":23,"column":5}},"type":"if","locations":[{"start":{"line":21,"column":4},"end":{"line":23,"column":5}}]}},"s":{"0":0,"1":0,"2":0,"3":0,"4":0,"5":0,"6":0,"7":0,"8":0,"9":0,"10":0},"f":{"0":0,"1":0},"b":{"0":[0]}}
,"/Users/macmini/Desktop/projects/backend/nestjs-boilerplate/src/config/app.config.ts": {"path":"/Users/macmini/Desktop/projects/backend/nestjs-boilerplate/src/config/app.config.ts","statementMap":{"0":{"start":{"line":1,"column":0},"end":{"line":1,"column":44}},"1":{"start":{"line":3,"column":0},"end":{"line":3,"column":56}},"2":{"start":{"line":4,"column":0},"end":{"line":4,"column":null}},"3":{"start":{"line":14,"column":0},"end":{"line":14,"column":null}},"4":{"start":{"line":15,"column":2},"end":{"line":15,"column":null}},"5":{"start":{"line":16,"column":2},"end":{"line":16,"column":null}},"6":{"start":{"line":17,"column":2},"end":{"line":17,"column":null}},"7":{"start":{"line":23,"column":2},"end":{"line":23,"column":null}},"8":{"start":{"line":29,"column":2},"end":{"line":29,"column":null}},"9":{"start":{"line":33,"column":2},"end":{"line":33,"column":null}},"10":{"start":{"line":37,"column":2},"end":{"line":37,"column":null}},"11":{"start":{"line":41,"column":2},"end":{"line":41,"column":null}},"12":{"start":{"line":45,"column":2},"end":{"line":45,"column":null}},"13":{"start":{"line":49,"column":2},"end":{"line":49,"column":null}},"14":{"start":{"line":52,"column":0},"end":{"line":70,"column":3}},"15":{"start":{"line":53,"column":2},"end":{"line":53,"column":61}},"16":{"start":{"line":55,"column":2},"end":{"line":69,"column":4}}},"fnMap":{"0":{"name":"(anonymous_3)","decl":{"start":{"line":14,"column":0},"end":{"line":14,"column":5}},"loc":{"start":{"line":14,"column":16},"end":{"line":18,"column":1}}},"1":{"name":"(anonymous_4)","decl":{"start":{"line":52,"column":44},"end":{"line":52,"column":47}},"loc":{"start":{"line":52,"column":49},"end":{"line":70,"column":1}}}},"branchMap":{"0":{"loc":{"start":{"line":14,"column":5},"end":{"line":14,"column":null}},"type":"binary-expr","locations":[{"start":{"line":14,"column":5},"end":{"line":14,"column":16}},{"start":{"line":14,"column":5},"end":{"line":14,"column":null}}]},"1":{"loc":{"start":{"line":56,"column":13},"end":{"line":56,"column":50}},"type":"binary-expr","locations":[{"start":{"line":56,"column":13},"end":{"line":56,"column":33}},{"start":{"line":56,"column":37},"end":{"line":56,"column":50}}]},"2":{"loc":{"start":{"line":57,"column":10},"end":{"line":57,"column":39}},"type":"binary-expr","locations":[{"start":{"line":57,"column":10},"end":{"line":57,"column":30}},{"start":{"line":57,"column":34},"end":{"line":57,"column":39}}]},"3":{"loc":{"start":{"line":58,"column":22},"end":{"line":58,"column":54}},"type":"binary-expr","locations":[{"start":{"line":58,"column":22},"end":{"line":58,"column":37}},{"start":{"line":58,"column":41},"end":{"line":58,"column":54}}]},"4":{"loc":{"start":{"line":60,"column":19},"end":{"line":60,"column":67}},"type":"binary-expr","locations":[{"start":{"line":60,"column":19},"end":{"line":60,"column":45}},{"start":{"line":60,"column":49},"end":{"line":60,"column":67}}]},"5":{"loc":{"start":{"line":61,"column":10},"end":{"line":65,"column":14}},"type":"cond-expr","locations":[{"start":{"line":62,"column":8},"end":{"line":62,"column":42}},{"start":{"line":63,"column":8},"end":{"line":65,"column":14}}]},"6":{"loc":{"start":{"line":63,"column":8},"end":{"line":65,"column":14}},"type":"cond-expr","locations":[{"start":{"line":64,"column":10},"end":{"line":64,"column":40}},{"start":{"line":65,"column":10},"end":{"line":65,"column":14}}]},"7":{"loc":{"start":{"line":66,"column":15},"end":{"line":66,"column":46}},"type":"binary-expr","locations":[{"start":{"line":66,"column":15},"end":{"line":66,"column":37}},{"start":{"line":66,"column":41},"end":{"line":66,"column":46}}]},"8":{"loc":{"start":{"line":67,"column":22},"end":{"line":67,"column":63}},"type":"binary-expr","locations":[{"start":{"line":67,"column":22},"end":{"line":67,"column":55}},{"start":{"line":67,"column":59},"end":{"line":67,"column":63}}]},"9":{"loc":{"start":{"line":68,"column":20},"end":{"line":68,"column":70}},"type":"binary-expr","locations":[{"start":{"line":68,"column":20},"end":{"line":68,"column":51}},{"start":{"line":68,"column":55},"end":{"line":68,"column":70}}]}},"s":{"0":0,"1":0,"2":0,"3":0,"4":0,"5":0,"6":0,"7":0,"8":0,"9":0,"10":0,"11":0,"12":0,"13":0,"14":0,"15":0,"16":0},"f":{"0":0,"1":0},"b":{"0":[0,0],"1":[0,0],"2":[0,0],"3":[0,0],"4":[0,0],"5":[0,0],"6":[0,0],"7":[0,0],"8":[0,0],"9":[0,0]}}
,"/Users/macmini/Desktop/projects/backend/nestjs-boilerplate/src/database/data-source.ts": {"path":"/Users/macmini/Desktop/projects/backend/nestjs-boilerplate/src/database/data-source.ts","statementMap":{"0":{"start":{"line":1,"column":0},"end":{"line":1,"column":26}},"1":{"start":{"line":2,"column":0},"end":{"line":2,"column":56}},"2":{"start":{"line":4,"column":13},"end":{"line":42,"column":24}}},"fnMap":{},"branchMap":{"0":{"loc":{"start":{"line":8,"column":8},"end":{"line":10,"column":10}},"type":"cond-expr","locations":[{"start":{"line":9,"column":6},"end":{"line":9,"column":45}},{"start":{"line":10,"column":6},"end":{"line":10,"column":10}}]},"1":{"loc":{"start":{"line":28,"column":9},"end":{"line":30,"column":11}},"type":"cond-expr","locations":[{"start":{"line":29,"column":8},"end":{"line":29,"column":58}},{"start":{"line":30,"column":8},"end":{"line":30,"column":11}}]},"2":{"loc":{"start":{"line":32,"column":6},"end":{"line":40,"column":19}},"type":"cond-expr","locations":[{"start":{"line":33,"column":10},"end":{"line":39,"column":null}},{"start":{"line":40,"column":10},"end":{"line":40,"column":19}}]},"3":{"loc":{"start":{"line":36,"column":16},"end":{"line":36,"column":52}},"type":"binary-expr","locations":[{"start":{"line":36,"column":16},"end":{"line":36,"column":39}},{"start":{"line":36,"column":43},"end":{"line":36,"column":52}}]},"4":{"loc":{"start":{"line":37,"column":17},"end":{"line":37,"column":54}},"type":"binary-expr","locations":[{"start":{"line":37,"column":17},"end":{"line":37,"column":41}},{"start":{"line":37,"column":45},"end":{"line":37,"column":54}}]},"5":{"loc":{"start":{"line":38,"column":18},"end":{"line":38,"column":56}},"type":"binary-expr","locations":[{"start":{"line":38,"column":18},"end":{"line":38,"column":43}},{"start":{"line":38,"column":47},"end":{"line":38,"column":56}}]}},"s":{"0":0,"1":0,"2":0},"f":{},"b":{"0":[0,0],"1":[0,0],"2":[0,0],"3":[0,0],"4":[0,0],"5":[0,0]}}
,"/Users/macmini/Desktop/projects/backend/nestjs-boilerplate/src/database/mongoose-config.service.ts": {"path":"/Users/macmini/Desktop/projects/backend/nestjs-boilerplate/src/database/mongoose-config.service.ts","statementMap":{"0":{"start":{"line":1,"column":0},"end":{"line":1,"column":44}},"1":{"start":{"line":2,"column":0},"end":{"line":2,"column":47}},"2":{"start":{"line":10,"column":7},"end":{"line":21,"column":null}},"3":{"start":{"line":11,"column":22},"end":{"line":11,"column":37}},"4":{"start":{"line":14,"column":4},"end":{"line":19,"column":6}},"5":{"start":{"line":10,"column":13},"end":{"line":10,"column":34}},"6":{"start":{"line":10,"column":13},"end":{"line":21,"column":null}}},"fnMap":{"0":{"name":"(anonymous_2)","decl":{"start":{"line":11,"column":2},"end":{"line":11,"column":22}},"loc":{"start":{"line":11,"column":65},"end":{"line":11,"column":69}}},"1":{"name":"(anonymous_3)","decl":{"start":{"line":13,"column":2},"end":{"line":13,"column":23}},"loc":{"start":{"line":13,"column":23},"end":{"line":20,"column":3}}}},"branchMap":{},"s":{"0":0,"1":0,"2":0,"3":0,"4":0,"5":0,"6":0},"f":{"0":0,"1":0},"b":{}}
,"/Users/macmini/Desktop/projects/backend/nestjs-boilerplate/src/database/typeorm-config.service.ts": {"path":"/Users/macmini/Desktop/projects/backend/nestjs-boilerplate/src/database/typeorm-config.service.ts","statementMap":{"0":{"start":{"line":1,"column":0},"end":{"line":1,"column":44}},"1":{"start":{"line":2,"column":0},"end":{"line":2,"column":47}},"2":{"start":{"line":7,"column":7},"end":{"line":57,"column":null}},"3":{"start":{"line":8,"column":22},"end":{"line":8,"column":37}},"4":{"start":{"line":11,"column":4},"end":{"line":55,"column":30}},"5":{"start":{"line":7,"column":13},"end":{"line":7,"column":33}},"6":{"start":{"line":7,"column":13},"end":{"line":57,"column":null}}},"fnMap":{"0":{"name":"(anonymous_2)","decl":{"start":{"line":8,"column":2},"end":{"line":8,"column":22}},"loc":{"start":{"line":8,"column":65},"end":{"line":8,"column":69}}},"1":{"name":"(anonymous_3)","decl":{"start":{"line":10,"column":2},"end":{"line":10,"column":22}},"loc":{"start":{"line":10,"column":22},"end":{"line":56,"column":3}}}},"branchMap":{"0":{"loc":{"start":{"line":37,"column":13},"end":{"line":53,"column":21}},"type":"cond-expr","locations":[{"start":{"line":38,"column":12},"end":{"line":52,"column":null}},{"start":{"line":53,"column":12},"end":{"line":53,"column":21}}]},"1":{"loc":{"start":{"line":44,"column":16},"end":{"line":45,"column":25}},"type":"binary-expr","locations":[{"start":{"line":44,"column":16},"end":{"line":44,"column":70}},{"start":{"line":45,"column":16},"end":{"line":45,"column":25}}]},"2":{"loc":{"start":{"line":47,"column":16},"end":{"line":48,"column":25}},"type":"binary-expr","locations":[{"start":{"line":47,"column":16},"end":{"line":47,"column":71}},{"start":{"line":48,"column":16},"end":{"line":48,"column":25}}]},"3":{"loc":{"start":{"line":50,"column":16},"end":{"line":51,"column":25}},"type":"binary-expr","locations":[{"start":{"line":50,"column":16},"end":{"line":50,"column":72}},{"start":{"line":51,"column":16},"end":{"line":51,"column":25}}]}},"s":{"0":0,"1":0,"2":0,"3":0,"4":0,"5":0,"6":0},"f":{"0":0,"1":0},"b":{"0":[0,0],"1":[0,0],"2":[0,0],"3":[0,0]}}
,"/Users/macmini/Desktop/projects/backend/nestjs-boilerplate/src/database/config/database.config.ts": {"path":"/Users/macmini/Desktop/projects/backend/nestjs-boilerplate/src/database/config/database.config.ts","statementMap":{"0":{"start":{"line":1,"column":0},"end":{"line":1,"column":44}},"1":{"start":{"line":3,"column":0},"end":{"line":3,"column":null}},"2":{"start":{"line":12,"column":0},"end":{"line":12,"column":57}},"3":{"start":{"line":17,"column":2},"end":{"line":17,"column":null}},"4":{"start":{"line":15,"column":29},"end":{"line":15,"column":51}},"5":{"start":{"line":21,"column":2},"end":{"line":21,"column":null}},"6":{"start":{"line":19,"column":29},"end":{"line":19,"column":52}},"7":{"start":{"line":25,"column":2},"end":{"line":25,"column":null}},"8":{"start":{"line":23,"column":29},"end":{"line":23,"column":52}},"9":{"start":{"line":31,"column":2},"end":{"line":31,"column":null}},"10":{"start":{"line":27,"column":29},"end":{"line":27,"column":52}},"11":{"start":{"line":35,"column":2},"end":{"line":35,"column":null}},"12":{"start":{"line":33,"column":29},"end":{"line":33,"column":52}},"13":{"start":{"line":39,"column":2},"end":{"line":39,"column":null}},"14":{"start":{"line":37,"column":29},"end":{"line":37,"column":52}},"15":{"start":{"line":43,"column":2},"end":{"line":43,"column":null}},"16":{"start":{"line":41,"column":29},"end":{"line":41,"column":52}},"17":{"start":{"line":47,"column":2},"end":{"line":47,"column":null}},"18":{"start":{"line":51,"column":2},"end":{"line":51,"column":null}},"19":{"start":{"line":55,"column":2},"end":{"line":55,"column":null}},"20":{"start":{"line":59,"column":2},"end":{"line":59,"column":null}},"21":{"start":{"line":63,"column":2},"end":{"line":63,"column":null}},"22":{"start":{"line":67,"column":2},"end":{"line":67,"column":null}},"23":{"start":{"line":71,"column":2},"end":{"line":71,"column":null}},"24":{"start":{"line":74,"column":0},"end":{"line":98,"column":3}},"25":{"start":{"line":75,"column":2},"end":{"line":75,"column":61}},"26":{"start":{"line":77,"column":2},"end":{"line":97,"column":4}}},"fnMap":{"0":{"name":"(anonymous_3)","decl":{"start":{"line":15,"column":14},"end":{"line":15,"column":15}},"loc":{"start":{"line":15,"column":29},"end":{"line":15,"column":51}}},"1":{"name":"(anonymous_4)","decl":{"start":{"line":19,"column":14},"end":{"line":19,"column":15}},"loc":{"start":{"line":19,"column":29},"end":{"line":19,"column":52}}},"2":{"name":"(anonymous_5)","decl":{"start":{"line":23,"column":14},"end":{"line":23,"column":15}},"loc":{"start":{"line":23,"column":29},"end":{"line":23,"column":52}}},"3":{"name":"(anonymous_6)","decl":{"start":{"line":27,"column":14},"end":{"line":27,"column":15}},"loc":{"start":{"line":27,"column":29},"end":{"line":27,"column":52}}},"4":{"name":"(anonymous_7)","decl":{"start":{"line":33,"column":14},"end":{"line":33,"column":15}},"loc":{"start":{"line":33,"column":29},"end":{"line":33,"column":52}}},"5":{"name":"(anonymous_8)","decl":{"start":{"line":37,"column":14},"end":{"line":37,"column":15}},"loc":{"start":{"line":37,"column":29},"end":{"line":37,"column":52}}},"6":{"name":"(anonymous_9)","decl":{"start":{"line":41,"column":14},"end":{"line":41,"column":15}},"loc":{"start":{"line":41,"column":29},"end":{"line":41,"column":52}}},"7":{"name":"(anonymous_10)","decl":{"start":{"line":74,"column":54},"end":{"line":74,"column":57}},"loc":{"start":{"line":74,"column":59},"end":{"line":98,"column":1}}}},"branchMap":{"0":{"loc":{"start":{"line":78,"column":45},"end":{"line":78,"column":76}},"type":"binary-expr","locations":[{"start":{"line":78,"column":45},"end":{"line":78,"column":70}},{"start":{"line":78,"column":74},"end":{"line":78,"column":76}}]},"1":{"loc":{"start":{"line":82,"column":10},"end":{"line":84,"column":12}},"type":"cond-expr","locations":[{"start":{"line":83,"column":8},"end":{"line":83,"column":47}},{"start":{"line":84,"column":8},"end":{"line":84,"column":12}}]},"2":{"loc":{"start":{"line":89,"column":20},"end":{"line":91,"column":11}},"type":"cond-expr","locations":[{"start":{"line":90,"column":8},"end":{"line":90,"column":58}},{"start":{"line":91,"column":8},"end":{"line":91,"column":11}}]}},"s":{"0":0,"1":0,"2":0,"3":0,"4":0,"5":0,"6":0,"7":0,"8":0,"9":0,"10":0,"11":0,"12":0,"13":0,"14":0,"15":0,"16":0,"17":0,"18":0,"19":0,"20":0,"21":0,"22":0,"23":0,"24":0,"25":0,"26":0},"f":{"0":0,"1":0,"2":0,"3":0,"4":0,"5":0,"6":0,"7":0},"b":{"0":[0,0],"1":[0,0],"2":[0,0]}}
,"/Users/macmini/Desktop/projects/backend/nestjs-boilerplate/src/database/migrations/1709769642152-CreateUser.ts": {"path":"/Users/macmini/Desktop/projects/backend/nestjs-boilerplate/src/database/migrations/1709769642152-CreateUser.ts","statementMap":{"0":{"start":{"line":4,"column":2},"end":{"line":4,"column":35}},"1":{"start":{"line":7,"column":4},"end":{"line":9,"column":6}},"2":{"start":{"line":10,"column":4},"end":{"line":12,"column":6}},"3":{"start":{"line":13,"column":4},"end":{"line":15,"column":6}},"4":{"start":{"line":16,"column":4},"end":{"line":18,"column":6}},"5":{"start":{"line":19,"column":4},"end":{"line":21,"column":6}},"6":{"start":{"line":22,"column":4},"end":{"line":24,"column":6}},"7":{"start":{"line":25,"column":4},"end":{"line":27,"column":6}},"8":{"start":{"line":28,"column":4},"end":{"line":30,"column":6}},"9":{"start":{"line":31,"column":4},"end":{"line":33,"column":6}},"10":{"start":{"line":34,"column":4},"end":{"line":36,"column":6}},"11":{"start":{"line":37,"column":4},"end":{"line":39,"column":6}},"12":{"start":{"line":40,"column":4},"end":{"line":42,"column":6}},"13":{"start":{"line":43,"column":4},"end":{"line":45,"column":6}},"14":{"start":{"line":49,"column":4},"end":{"line":51,"column":6}},"15":{"start":{"line":52,"column":4},"end":{"line":54,"column":6}},"16":{"start":{"line":55,"column":4},"end":{"line":57,"column":6}},"17":{"start":{"line":58,"column":4},"end":{"line":60,"column":6}},"18":{"start":{"line":61,"column":4},"end":{"line":63,"column":6}},"19":{"start":{"line":64,"column":4},"end":{"line":64,"column":52}},"20":{"start":{"line":65,"column":4},"end":{"line":67,"column":6}},"21":{"start":{"line":68,"column":4},"end":{"line":70,"column":6}},"22":{"start":{"line":71,"column":4},"end":{"line":73,"column":6}},"23":{"start":{"line":74,"column":4},"end":{"line":74,"column":49}},"24":{"start":{"line":75,"column":4},"end":{"line":75,"column":49}},"25":{"start":{"line":76,"column":4},"end":{"line":76,"column":49}},"26":{"start":{"line":77,"column":4},"end":{"line":77,"column":51}},"27":{"start":{"line":3,"column":0},"end":{"line":3,"column":13}}},"fnMap":{"0":{"name":"(anonymous_0)","decl":{"start":{"line":3,"column":0},"end":{"line":3,"column":13}},"loc":{"start":{"line":3,"column":0},"end":{"line":79,"column":1}}},"1":{"name":"(anonymous_1)","decl":{"start":{"line":6,"column":9},"end":{"line":6,"column":14}},"loc":{"start":{"line":6,"column":42},"end":{"line":46,"column":3}}},"2":{"name":"(anonymous_2)","decl":{"start":{"line":48,"column":9},"end":{"line":48,"column":14}},"loc":{"start":{"line":48,"column":44},"end":{"line":78,"column":3}}}},"branchMap":{},"s":{"0":0,"1":0,"2":0,"3":0,"4":0,"5":0,"6":0,"7":0,"8":0,"9":0,"10":0,"11":0,"12":0,"13":0,"14":0,"15":0,"16":0,"17":0,"18":0,"19":0,"20":0,"21":0,"22":0,"23":0,"24":0,"25":0,"26":0,"27":0},"f":{"0":0,"1":0,"2":0},"b":{}}
,"/Users/macmini/Desktop/projects/backend/nestjs-boilerplate/src/database/migrations/1711099416367-migrations.ts": {"path":"/Users/macmini/Desktop/projects/backend/nestjs-boilerplate/src/database/migrations/1711099416367-migrations.ts","statementMap":{"0":{"start":{"line":4,"column":2},"end":{"line":4,"column":35}},"1":{"start":{"line":7,"column":4},"end":{"line":9,"column":6}},"2":{"start":{"line":10,"column":4},"end":{"line":12,"column":6}},"3":{"start":{"line":13,"column":4},"end":{"line":15,"column":6}},"4":{"start":{"line":16,"column":4},"end":{"line":18,"column":6}},"5":{"start":{"line":19,"column":4},"end":{"line":21,"column":6}},"6":{"start":{"line":22,"column":4},"end":{"line":24,"column":6}},"7":{"start":{"line":28,"column":4},"end":{"line":30,"column":6}},"8":{"start":{"line":31,"column":4},"end":{"line":33,"column":6}},"9":{"start":{"line":34,"column":4},"end":{"line":36,"column":6}},"10":{"start":{"line":37,"column":4},"end":{"line":39,"column":6}},"11":{"start":{"line":40,"column":4},"end":{"line":40,"column":66}},"12":{"start":{"line":41,"column":4},"end":{"line":41,"column":53}},"13":{"start":{"line":3,"column":0},"end":{"line":3,"column":13}}},"fnMap":{"0":{"name":"(anonymous_0)","decl":{"start":{"line":3,"column":0},"end":{"line":3,"column":13}},"loc":{"start":{"line":3,"column":0},"end":{"line":43,"column":1}}},"1":{"name":"(anonymous_1)","decl":{"start":{"line":6,"column":9},"end":{"line":6,"column":14}},"loc":{"start":{"line":6,"column":42},"end":{"line":25,"column":3}}},"2":{"name":"(anonymous_2)","decl":{"start":{"line":27,"column":9},"end":{"line":27,"column":14}},"loc":{"start":{"line":27,"column":44},"end":{"line":42,"column":3}}}},"branchMap":{},"s":{"0":0,"1":0,"2":0,"3":0,"4":0,"5":0,"6":0,"7":0,"8":0,"9":0,"10":0,"11":0,"12":0,"13":0},"f":{"0":0,"1":0,"2":0},"b":{}}
,"/Users/macmini/Desktop/projects/backend/nestjs-boilerplate/src/database/migrations/1711100363642-migrations.ts": {"path":"/Users/macmini/Desktop/projects/backend/nestjs-boilerplate/src/database/migrations/1711100363642-migrations.ts","statementMap":{"0":{"start":{"line":4,"column":2},"end":{"line":4,"column":35}},"1":{"start":{"line":7,"column":4},"end":{"line":9,"column":6}},"2":{"start":{"line":10,"column":4},"end":{"line":12,"column":6}},"3":{"start":{"line":13,"column":4},"end":{"line":15,"column":6}},"4":{"start":{"line":16,"column":4},"end":{"line":18,"column":6}},"5":{"start":{"line":19,"column":4},"end":{"line":21,"column":6}},"6":{"start":{"line":22,"column":4},"end":{"line":24,"column":6}},"7":{"start":{"line":28,"column":4},"end":{"line":30,"column":6}},"8":{"start":{"line":31,"column":4},"end":{"line":33,"column":6}},"9":{"start":{"line":34,"column":4},"end":{"line":36,"column":6}},"10":{"start":{"line":37,"column":4},"end":{"line":39,"column":6}},"11":{"start":{"line":40,"column":4},"end":{"line":40,"column":65}},"12":{"start":{"line":41,"column":4},"end":{"line":41,"column":52}},"13":{"start":{"line":3,"column":0},"end":{"line":3,"column":13}}},"fnMap":{"0":{"name":"(anonymous_0)","decl":{"start":{"line":3,"column":0},"end":{"line":3,"column":13}},"loc":{"start":{"line":3,"column":0},"end":{"line":43,"column":1}}},"1":{"name":"(anonymous_1)","decl":{"start":{"line":6,"column":9},"end":{"line":6,"column":14}},"loc":{"start":{"line":6,"column":42},"end":{"line":25,"column":3}}},"2":{"name":"(anonymous_2)","decl":{"start":{"line":27,"column":9},"end":{"line":27,"column":14}},"loc":{"start":{"line":27,"column":44},"end":{"line":42,"column":3}}}},"branchMap":{},"s":{"0":0,"1":0,"2":0,"3":0,"4":0,"5":0,"6":0,"7":0,"8":0,"9":0,"10":0,"11":0,"12":0,"13":0},"f":{"0":0,"1":0,"2":0},"b":{}}
,"/Users/macmini/Desktop/projects/backend/nestjs-boilerplate/src/database/migrations/1711103075092-migrations.ts": {"path":"/Users/macmini/Desktop/projects/backend/nestjs-boilerplate/src/database/migrations/1711103075092-migrations.ts","statementMap":{"0":{"start":{"line":4,"column":2},"end":{"line":4,"column":35}},"1":{"start":{"line":7,"column":4},"end":{"line":7,"column":73}},"2":{"start":{"line":8,"column":4},"end":{"line":8,"column":79}},"3":{"start":{"line":12,"column":4},"end":{"line":12,"column":73}},"4":{"start":{"line":13,"column":4},"end":{"line":15,"column":6}},"5":{"start":{"line":3,"column":0},"end":{"line":3,"column":13}}},"fnMap":{"0":{"name":"(anonymous_0)","decl":{"start":{"line":3,"column":0},"end":{"line":3,"column":13}},"loc":{"start":{"line":3,"column":0},"end":{"line":17,"column":1}}},"1":{"name":"(anonymous_1)","decl":{"start":{"line":6,"column":9},"end":{"line":6,"column":14}},"loc":{"start":{"line":6,"column":42},"end":{"line":9,"column":3}}},"2":{"name":"(anonymous_2)","decl":{"start":{"line":11,"column":9},"end":{"line":11,"column":14}},"loc":{"start":{"line":11,"column":44},"end":{"line":16,"column":3}}}},"branchMap":{},"s":{"0":0,"1":0,"2":0,"3":0,"4":0,"5":0},"f":{"0":0,"1":0,"2":0},"b":{}}
,"/Users/macmini/Desktop/projects/backend/nestjs-boilerplate/src/database/seeds/document/run-seed.ts": {"path":"/Users/macmini/Desktop/projects/backend/nestjs-boilerplate/src/database/seeds/document/run-seed.ts","statementMap":{"0":{"start":{"line":1,"column":0},"end":{"line":1,"column":43}},"1":{"start":{"line":2,"column":0},"end":{"line":2,"column":59}},"2":{"start":{"line":4,"column":0},"end":{"line":4,"column":43}},"3":{"start":{"line":6,"column":16},"end":{"line":13,"column":1}},"4":{"start":{"line":7,"column":14},"end":{"line":7,"column":50}},"5":{"start":{"line":10,"column":2},"end":{"line":10,"column":39}},"6":{"start":{"line":12,"column":2},"end":{"line":12,"column":20}},"7":{"start":{"line":15,"column":0},"end":{"line":15,"column":15}}},"fnMap":{"0":{"name":"(anonymous_0)","decl":{"start":{"line":6,"column":16},"end":{"line":6,"column":21}},"loc":{"start":{"line":6,"column":27},"end":{"line":13,"column":1}}}},"branchMap":{},"s":{"0":0,"1":0,"2":0,"3":0,"4":0,"5":0,"6":0,"7":0},"f":{"0":0},"b":{}}
,"/Users/macmini/Desktop/projects/backend/nestjs-boilerplate/src/database/seeds/document/seed.module.ts": {"path":"/Users/macmini/Desktop/projects/backend/nestjs-boilerplate/src/database/seeds/document/seed.module.ts","statementMap":{"0":{"start":{"line":1,"column":0},"end":{"line":1,"column":40}},"1":{"start":{"line":2,"column":0},"end":{"line":2,"column":46}},"2":{"start":{"line":3,"column":0},"end":{"line":3,"column":46}},"3":{"start":{"line":4,"column":0},"end":{"line":4,"column":65}},"4":{"start":{"line":5,"column":0},"end":{"line":5,"column":50}},"5":{"start":{"line":6,"column":0},"end":{"line":6,"column":77}},"6":{"start":{"line":7,"column":0},"end":{"line":7,"column":57}},"7":{"start":{"line":22,"column":7},"end":{"line":22,"column":null}},"8":{"start":{"line":22,"column":13},"end":{"line":22,"column":23}},"9":{"start":{"line":22,"column":13},"end":{"line":22,"column":null}}},"fnMap":{},"branchMap":{},"s":{"0":0,"1":0,"2":0,"3":0,"4":0,"5":0,"6":0,"7":0,"8":0,"9":0},"f":{},"b":{}}
,"/Users/macmini/Desktop/projects/backend/nestjs-boilerplate/src/database/seeds/document/user/user-seed.module.ts": {"path":"/Users/macmini/Desktop/projects/backend/nestjs-boilerplate/src/database/seeds/document/user/user-seed.module.ts","statementMap":{"0":{"start":{"line":1,"column":0},"end":{"line":1,"column":40}},"1":{"start":{"line":2,"column":0},"end":{"line":2,"column":50}},"2":{"start":{"line":3,"column":0},"end":{"line":3,"column":null}},"3":{"start":{"line":7,"column":0},"end":{"line":7,"column":54}},"4":{"start":{"line":21,"column":7},"end":{"line":21,"column":null}},"5":{"start":{"line":21,"column":13},"end":{"line":21,"column":27}},"6":{"start":{"line":21,"column":13},"end":{"line":21,"column":null}}},"fnMap":{},"branchMap":{},"s":{"0":0,"1":0,"2":0,"3":0,"4":0,"5":0,"6":0},"f":{},"b":{}}
,"/Users/macmini/Desktop/projects/backend/nestjs-boilerplate/src/database/seeds/document/user/user-seed.service.ts": {"path":"/Users/macmini/Desktop/projects/backend/nestjs-boilerplate/src/database/seeds/document/user/user-seed.service.ts","statementMap":{"0":{"start":{"line":1,"column":0},"end":{"line":1,"column":44}},"1":{"start":{"line":2,"column":0},"end":{"line":2,"column":47}},"2":{"start":{"line":3,"column":0},"end":{"line":3,"column":30}},"3":{"start":{"line":4,"column":0},"end":{"line":4,"column":33}},"4":{"start":{"line":5,"column":0},"end":{"line":5,"column":48}},"5":{"start":{"line":6,"column":0},"end":{"line":6,"column":63}},"6":{"start":{"line":7,"column":0},"end":{"line":7,"column":101}},"7":{"start":{"line":10,"column":7},"end":{"line":64,"column":null}},"8":{"start":{"line":13,"column":21},"end":{"line":13,"column":28}},"9":{"start":{"line":17,"column":18},"end":{"line":19,"column":6}},"10":{"start":{"line":21,"column":4},"end":{"line":38,"column":5}},"11":{"start":{"line":22,"column":19},"end":{"line":22,"column":41}},"12":{"start":{"line":23,"column":23},"end":{"line":23,"column":56}},"13":{"start":{"line":25,"column":19},"end":{"line":36,"column":8}},"14":{"start":{"line":37,"column":6},"end":{"line":37,"column":24}},"15":{"start":{"line":40,"column":17},"end":{"line":42,"column":6}},"16":{"start":{"line":44,"column":4},"end":{"line":62,"column":5}},"17":{"start":{"line":45,"column":19},"end":{"line":45,"column":41}},"18":{"start":{"line":46,"column":23},"end":{"line":46,"column":56}},"19":{"start":{"line":48,"column":19},"end":{"line":59,"column":8}},"20":{"start":{"line":61,"column":6},"end":{"line":61,"column":24}},"21":{"start":{"line":10,"column":13},"end":{"line":10,"column":28}},"22":{"start":{"line":10,"column":13},"end":{"line":64,"column":null}}},"fnMap":{"0":{"name":"(anonymous_5)","decl":{"start":{"line":11,"column":2},"end":{"line":11,"column":null}},"loc":{"start":{"line":13,"column":50},"end":{"line":14,"column":6}}},"1":{"name":"(anonymous_6)","decl":{"start":{"line":16,"column":2},"end":{"line":16,"column":7}},"loc":{"start":{"line":16,"column":11},"end":{"line":63,"column":3}}}},"branchMap":{"0":{"loc":{"start":{"line":21,"column":4},"end":{"line":38,"column":5}},"type":"if","locations":[{"start":{"line":21,"column":4},"end":{"line":38,"column":5}}]},"1":{"loc":{"start":{"line":44,"column":4},"end":{"line":62,"column":5}},"type":"if","locations":[{"start":{"line":44,"column":4},"end":{"line":62,"column":5}}]}},"s":{"0":0,"1":0,"2":0,"3":0,"4":0,"5":0,"6":0,"7":0,"8":0,"9":0,"10":0,"11":0,"12":0,"13":0,"14":0,"15":0,"16":0,"17":0,"18":0,"19":0,"20":0,"21":0,"22":0},"f":{"0":0,"1":0},"b":{"0":[0],"1":[0]}}
,"/Users/macmini/Desktop/projects/backend/nestjs-boilerplate/src/database/seeds/relational/run-seed.ts": {"path":"/Users/macmini/Desktop/projects/backend/nestjs-boilerplate/src/database/seeds/relational/run-seed.ts","statementMap":{"0":{"start":{"line":1,"column":0},"end":{"line":1,"column":43}},"1":{"start":{"line":2,"column":0},"end":{"line":2,"column":59}},"2":{"start":{"line":3,"column":0},"end":{"line":3,"column":43}},"3":{"start":{"line":4,"column":0},"end":{"line":4,"column":65}},"4":{"start":{"line":5,"column":0},"end":{"line":5,"column":59}},"5":{"start":{"line":7,"column":16},"end":{"line":16,"column":1}},"6":{"start":{"line":8,"column":14},"end":{"line":8,"column":50}},"7":{"start":{"line":11,"column":2},"end":{"line":11,"column":39}},"8":{"start":{"line":12,"column":2},"end":{"line":12,"column":41}},"9":{"start":{"line":13,"column":2},"end":{"line":13,"column":39}},"10":{"start":{"line":15,"column":2},"end":{"line":15,"column":20}},"11":{"start":{"line":18,"column":0},"end":{"line":18,"column":15}}},"fnMap":{"0":{"name":"(anonymous_0)","decl":{"start":{"line":7,"column":16},"end":{"line":7,"column":21}},"loc":{"start":{"line":7,"column":27},"end":{"line":16,"column":1}}}},"branchMap":{},"s":{"0":0,"1":0,"2":0,"3":0,"4":0,"5":0,"6":0,"7":0,"8":0,"9":0,"10":0,"11":0},"f":{"0":0},"b":{}}
,"/Users/macmini/Desktop/projects/backend/nestjs-boilerplate/src/database/seeds/relational/seed.module.ts": {"path":"/Users/macmini/Desktop/projects/backend/nestjs-boilerplate/src/database/seeds/relational/seed.module.ts","statementMap":{"0":{"start":{"line":1,"column":0},"end":{"line":1,"column":40}},"1":{"start":{"line":2,"column":0},"end":{"line":2,"column":46}},"2":{"start":{"line":3,"column":0},"end":{"line":3,"column":48}},"3":{"start":{"line":4,"column":0},"end":{"line":4,"column":46}},"4":{"start":{"line":5,"column":0},"end":{"line":5,"column":65}},"5":{"start":{"line":6,"column":0},"end":{"line":6,"column":56}},"6":{"start":{"line":7,"column":0},"end":{"line":7,"column":68}},"7":{"start":{"line":8,"column":0},"end":{"line":8,"column":57}},"8":{"start":{"line":9,"column":0},"end":{"line":9,"column":63}},"9":{"start":{"line":10,"column":0},"end":{"line":10,"column":57}},"10":{"start":{"line":30,"column":7},"end":{"line":30,"column":null}},"11":{"start":{"line":30,"column":13},"end":{"line":30,"column":23}},"12":{"start":{"line":30,"column":13},"end":{"line":30,"column":null}},"13":{"start":{"line":25,"column":8},"end":{"line":25,"column":52}}},"fnMap":{"0":{"name":"(anonymous_2)","decl":{"start":{"line":24,"column":25},"end":{"line":24,"column":30}},"loc":{"start":{"line":24,"column":62},"end":{"line":26,"column":7}}}},"branchMap":{},"s":{"0":0,"1":0,"2":0,"3":0,"4":0,"5":0,"6":0,"7":0,"8":0,"9":0,"10":0,"11":0,"12":0,"13":0},"f":{"0":0},"b":{}}
,"/Users/macmini/Desktop/projects/backend/nestjs-boilerplate/src/database/seeds/relational/role/role-seed.module.ts": {"path":"/Users/macmini/Desktop/projects/backend/nestjs-boilerplate/src/database/seeds/relational/role/role-seed.module.ts","statementMap":{"0":{"start":{"line":1,"column":0},"end":{"line":1,"column":40}},"1":{"start":{"line":2,"column":0},"end":{"line":2,"column":48}},"2":{"start":{"line":3,"column":0},"end":{"line":3,"column":98}},"3":{"start":{"line":4,"column":0},"end":{"line":4,"column":54}},"4":{"start":{"line":11,"column":7},"end":{"line":11,"column":null}},"5":{"start":{"line":11,"column":13},"end":{"line":11,"column":27}},"6":{"start":{"line":11,"column":13},"end":{"line":11,"column":null}}},"fnMap":{},"branchMap":{},"s":{"0":0,"1":0,"2":0,"3":0,"4":0,"5":0,"6":0},"f":{},"b":{}}
,"/Users/macmini/Desktop/projects/backend/nestjs-boilerplate/src/database/seeds/relational/role/role-seed.service.ts": {"path":"/Users/macmini/Desktop/projects/backend/nestjs-boilerplate/src/database/seeds/relational/role/role-seed.service.ts","statementMap":{"0":{"start":{"line":1,"column":0},"end":{"line":1,"column":44}},"1":{"start":{"line":2,"column":0},"end":{"line":2,"column":51}},"2":{"start":{"line":3,"column":0},"end":{"line":3,"column":98}},"3":{"start":{"line":4,"column":0},"end":{"line":4,"column":48}},"4":{"start":{"line":5,"column":0},"end":{"line":5,"column":37}},"5":{"start":{"line":8,"column":7},"end":{"line":45,"column":null}},"6":{"start":{"line":11,"column":12},"end":{"line":11,"column":24}},"7":{"start":{"line":15,"column":22},"end":{"line":19,"column":6}},"8":{"start":{"line":21,"column":4},"end":{"line":28,"column":5}},"9":{"start":{"line":22,"column":6},"end":{"line":27,"column":8}},"10":{"start":{"line":30,"column":23},"end":{"line":34,"column":6}},"11":{"start":{"line":36,"column":4},"end":{"line":43,"column":5}},"12":{"start":{"line":37,"column":6},"end":{"line":42,"column":8}},"13":{"start":{"line":8,"column":13},"end":{"line":8,"column":28}},"14":{"start":{"line":8,"column":13},"end":{"line":45,"column":null}}},"fnMap":{"0":{"name":"(anonymous_4)","decl":{"start":{"line":9,"column":2},"end":{"line":9,"column":null}},"loc":{"start":{"line":11,"column":46},"end":{"line":12,"column":6}}},"1":{"name":"(anonymous_5)","decl":{"start":{"line":14,"column":2},"end":{"line":14,"column":7}},"loc":{"start":{"line":14,"column":11},"end":{"line":44,"column":3}}}},"branchMap":{"0":{"loc":{"start":{"line":21,"column":4},"end":{"line":28,"column":5}},"type":"if","locations":[{"start":{"line":21,"column":4},"end":{"line":28,"column":5}}]},"1":{"loc":{"start":{"line":36,"column":4},"end":{"line":43,"column":5}},"type":"if","locations":[{"start":{"line":36,"column":4},"end":{"line":43,"column":5}}]}},"s":{"0":0,"1":0,"2":0,"3":0,"4":0,"5":0,"6":0,"7":0,"8":0,"9":0,"10":0,"11":0,"12":0,"13":0,"14":0},"f":{"0":0,"1":0},"b":{"0":[0],"1":[0]}}
,"/Users/macmini/Desktop/projects/backend/nestjs-boilerplate/src/database/seeds/relational/status/status-seed.module.ts": {"path":"/Users/macmini/Desktop/projects/backend/nestjs-boilerplate/src/database/seeds/relational/status/status-seed.module.ts","statementMap":{"0":{"start":{"line":1,"column":0},"end":{"line":1,"column":40}},"1":{"start":{"line":2,"column":0},"end":{"line":2,"column":48}},"2":{"start":{"line":3,"column":0},"end":{"line":3,"column":58}},"3":{"start":{"line":4,"column":0},"end":{"line":4,"column":112}},"4":{"start":{"line":11,"column":7},"end":{"line":11,"column":null}},"5":{"start":{"line":11,"column":13},"end":{"line":11,"column":29}},"6":{"start":{"line":11,"column":13},"end":{"line":11,"column":null}}},"fnMap":{},"branchMap":{},"s":{"0":0,"1":0,"2":0,"3":0,"4":0,"5":0,"6":0},"f":{},"b":{}}
,"/Users/macmini/Desktop/projects/backend/nestjs-boilerplate/src/database/seeds/relational/status/status-seed.service.ts": {"path":"/Users/macmini/Desktop/projects/backend/nestjs-boilerplate/src/database/seeds/relational/status/status-seed.service.ts","statementMap":{"0":{"start":{"line":1,"column":0},"end":{"line":1,"column":44}},"1":{"start":{"line":2,"column":0},"end":{"line":2,"column":51}},"2":{"start":{"line":3,"column":0},"end":{"line":3,"column":112}},"3":{"start":{"line":4,"column":0},"end":{"line":4,"column":63}},"4":{"start":{"line":5,"column":0},"end":{"line":5,"column":37}},"5":{"start":{"line":8,"column":7},"end":{"line":30,"column":null}},"6":{"start":{"line":11,"column":12},"end":{"line":11,"column":24}},"7":{"start":{"line":15,"column":18},"end":{"line":15,"column":47}},"8":{"start":{"line":17,"column":4},"end":{"line":28,"column":5}},"9":{"start":{"line":18,"column":6},"end":{"line":27,"column":9}},"10":{"start":{"line":8,"column":13},"end":{"line":8,"column":30}},"11":{"start":{"line":8,"column":13},"end":{"line":30,"column":null}}},"fnMap":{"0":{"name":"(anonymous_4)","decl":{"start":{"line":9,"column":2},"end":{"line":9,"column":null}},"loc":{"start":{"line":11,"column":48},"end":{"line":12,"column":6}}},"1":{"name":"(anonymous_5)","decl":{"start":{"line":14,"column":2},"end":{"line":14,"column":7}},"loc":{"start":{"line":14,"column":11},"end":{"line":29,"column":3}}}},"branchMap":{"0":{"loc":{"start":{"line":17,"column":4},"end":{"line":28,"column":5}},"type":"if","locations":[{"start":{"line":17,"column":4},"end":{"line":28,"column":5}}]}},"s":{"0":0,"1":0,"2":0,"3":0,"4":0,"5":0,"6":0,"7":0,"8":0,"9":0,"10":0,"11":0},"f":{"0":0,"1":0},"b":{"0":[0]}}
,"/Users/macmini/Desktop/projects/backend/nestjs-boilerplate/src/database/seeds/relational/user/user-seed.module.ts": {"path":"/Users/macmini/Desktop/projects/backend/nestjs-boilerplate/src/database/seeds/relational/user/user-seed.module.ts","statementMap":{"0":{"start":{"line":1,"column":0},"end":{"line":1,"column":40}},"1":{"start":{"line":2,"column":0},"end":{"line":2,"column":48}},"2":{"start":{"line":3,"column":0},"end":{"line":3,"column":98}},"3":{"start":{"line":4,"column":0},"end":{"line":4,"column":54}},"4":{"start":{"line":11,"column":7},"end":{"line":11,"column":null}},"5":{"start":{"line":11,"column":13},"end":{"line":11,"column":27}},"6":{"start":{"line":11,"column":13},"end":{"line":11,"column":null}}},"fnMap":{},"branchMap":{},"s":{"0":0,"1":0,"2":0,"3":0,"4":0,"5":0,"6":0},"f":{},"b":{}}
,"/Users/macmini/Desktop/projects/backend/nestjs-boilerplate/src/database/seeds/relational/user/user-seed.service.ts": {"path":"/Users/macmini/Desktop/projects/backend/nestjs-boilerplate/src/database/seeds/relational/user/user-seed.service.ts","statementMap":{"0":{"start":{"line":1,"column":0},"end":{"line":1,"column":44}},"1":{"start":{"line":2,"column":0},"end":{"line":2,"column":51}},"2":{"start":{"line":3,"column":0},"end":{"line":3,"column":63}},"3":{"start":{"line":4,"column":0},"end":{"line":4,"column":37}},"4":{"start":{"line":5,"column":0},"end":{"line":5,"column":30}},"5":{"start":{"line":6,"column":0},"end":{"line":6,"column":98}},"6":{"start":{"line":7,"column":0},"end":{"line":7,"column":48}},"7":{"start":{"line":10,"column":7},"end":{"line":77,"column":null}},"8":{"start":{"line":13,"column":12},"end":{"line":13,"column":24}},"9":{"start":{"line":17,"column":23},"end":{"line":23,"column":6}},"10":{"start":{"line":25,"column":4},"end":{"line":45,"column":5}},"11":{"start":{"line":26,"column":19},"end":{"line":26,"column":41}},"12":{"start":{"line":27,"column":23},"end":{"line":27,"column":56}},"13":{"start":{"line":29,"column":6},"end":{"line":44,"column":8}},"14":{"start":{"line":47,"column":22},"end":{"line":53,"column":6}},"15":{"start":{"line":55,"column":4},"end":{"line":75,"column":5}},"16":{"start":{"line":56,"column":19},"end":{"line":56,"column":41}},"17":{"start":{"line":57,"column":23},"end":{"line":57,"column":56}},"18":{"start":{"line":59,"column":6},"end":{"line":74,"column":8}},"19":{"start":{"line":10,"column":13},"end":{"line":10,"column":28}},"20":{"start":{"line":10,"column":13},"end":{"line":77,"column":null}}},"fnMap":{"0":{"name":"(anonymous_5)","decl":{"start":{"line":11,"column":2},"end":{"line":11,"column":null}},"loc":{"start":{"line":13,"column":46},"end":{"line":14,"column":6}}},"1":{"name":"(anonymous_6)","decl":{"start":{"line":16,"column":2},"end":{"line":16,"column":7}},"loc":{"start":{"line":16,"column":11},"end":{"line":76,"column":3}}}},"branchMap":{"0":{"loc":{"start":{"line":25,"column":4},"end":{"line":45,"column":5}},"type":"if","locations":[{"start":{"line":25,"column":4},"end":{"line":45,"column":5}}]},"1":{"loc":{"start":{"line":55,"column":4},"end":{"line":75,"column":5}},"type":"if","locations":[{"start":{"line":55,"column":4},"end":{"line":75,"column":5}}]}},"s":{"0":0,"1":0,"2":0,"3":0,"4":0,"5":0,"6":0,"7":0,"8":0,"9":0,"10":0,"11":0,"12":0,"13":0,"14":0,"15":0,"16":0,"17":0,"18":0,"19":0,"20":0},"f":{"0":0,"1":0},"b":{"0":[0],"1":[0]}}
[...]
,"/Users/macmini/Desktop/projects/backend/nestjs-boilerplate/src/users/infrastructure/persistence/relational/mappers/user.mapper.ts": {"path":"/Users/macmini/Desktop/projects/backend/nestjs-boilerplate/src/users/infrastructure/persistence/relational/mappers/user.mapper.ts","statementMap":{"0":{"start":{"line":1,"column":0},"end":{"line":1,"column":98}},"1":{"start":{"line":2,"column":0},"end":{"line":2,"column":47}},"2":{"start":{"line":3,"column":0},"end":{"line":3,"column":53}},"3":{"start":{"line":4,"column":0},"end":{"line":4,"column":98}},"4":{"start":{"line":5,"column":0},"end":{"line":5,"column":112}},"5":{"start":{"line":6,"column":0},"end":{"line":6,"column":97}},"6":{"start":{"line":10,"column":17},"end":{"line":10,"column":27}},"7":{"start":{"line":11,"column":4},"end":{"line":11,"column":29}},"8":{"start":{"line":12,"column":4},"end":{"line":14,"column":5}},"9":{"start":{"line":13,"column":6},"end":{"line":13,"column":50}},"10":{"start":{"line":15,"column":4},"end":{"line":15,"column":16}},"11":{"start":{"line":19,"column":39},"end":{"line":19,"column":48}},"12":{"start":{"line":21,"column":4},"end":{"line":24,"column":5}},"13":{"start":{"line":22,"column":6},"end":{"line":22,"column":30}},"14":{"start":{"line":23,"column":6},"end":{"line":23,"column":29}},"15":{"start":{"line":26,"column":47},"end":{"line":26,"column":56}},"16":{"start":{"line":28,"column":4},"end":{"line":34,"column":5}},"17":{"start":{"line":29,"column":6},"end":{"line":29,"column":31}},"18":{"start":{"line":30,"column":6},"end":{"line":30,"column":31}},"19":{"start":{"line":31,"column":6},"end":{"line":31,"column":35}},"20":{"start":{"line":32,"column":11},"end":{"line":34,"column":5}},"21":{"start":{"line":33,"column":6},"end":{"line":33,"column":19}},"22":{"start":{"line":36,"column":43},"end":{"line":36,"column":52}},"23":{"start":{"line":38,"column":4},"end":{"line":41,"column":5}},"24":{"start":{"line":39,"column":6},"end":{"line":39,"column":34}},"25":{"start":{"line":40,"column":6},"end":{"line":40,"column":33}},"26":{"start":{"line":43,"column":23},"end":{"line":43,"column":39}},"27":{"start":{"line":44,"column":4},"end":{"line":44,"column":36}},"28":{"start":{"line":46,"column":4},"end":{"line":48,"column":5}},"29":{"start":{"line":47,"column":6},"end":{"line":47,"column":30}},"30":{"start":{"line":49,"column":4},"end":{"line":49,"column":29}},"31":{"start":{"line":50,"column":4},"end":{"line":50,"column":27}},"32":{"start":{"line":51,"column":4},"end":{"line":51,"column":31}},"33":{"start":{"line":52,"column":4},"end":{"line":52,"column":22}},"34":{"start":{"line":8,"column":0},"end":{"line":8,"column":13}}},"fnMap":{"0":{"name":"(anonymous_0)","decl":{"start":{"line":9,"column":2},"end":{"line":9,"column":8}},"loc":{"start":{"line":9,"column":33},"end":{"line":16,"column":3}}},"1":{"name":"(anonymous_1)","decl":{"start":{"line":18,"column":2},"end":{"line":18,"column":8}},"loc":{"start":{"line":18,"column":33},"end":{"line":53,"column":3}}}},"branchMap":{"0":{"loc":{"start":{"line":12,"column":4},"end":{"line":14,"column":5}},"type":"if","locations":[{"start":{"line":12,"column":4},"end":{"line":14,"column":5}}]},"1":{"loc":{"start":{"line":21,"column":4},"end":{"line":24,"column":5}},"type":"if","locations":[{"start":{"line":21,"column":4},"end":{"line":24,"column":5}}]},"2":{"loc":{"start":{"line":28,"column":4},"end":{"line":34,"column":5}},"type":"if","locations":[{"start":{"line":28,"column":4},"end":{"line":34,"column":5}},{"start":{"line":32,"column":11},"end":{"line":34,"column":5}}]},"3":{"loc":{"start":{"line":32,"column":11},"end":{"line":34,"column":5}},"type":"if","locations":[{"start":{"line":32,"column":11},"end":{"line":34,"column":5}}]},"4":{"loc":{"start":{"line":38,"column":4},"end":{"line":41,"column":5}},"type":"if","locations":[{"start":{"line":38,"column":4},"end":{"line":41,"column":5}}]},"5":{"loc":{"start":{"line":46,"column":4},"end":{"line":48,"column":5}},"type":"if","locations":[{"start":{"line":46,"column":4},"end":{"line":48,"column":5}}]},"6":{"loc":{"start":{"line":46,"column":8},"end":{"line":46,"column":46}},"type":"binary-expr","locations":[{"start":{"line":46,"column":8},"end":{"line":46,"column":15}},{"start":{"line":46,"column":19},"end":{"line":46,"column":46}}]}},"s":{"0":0,"1":0,"2":0,"3":0,"4":0,"5":0,"6":0,"7":0,"8":0,"9":0,"10":0,"11":0,"12":0,"13":0,"14":0,"15":0,"16":0,"17":0,"18":0,"19":0,"20":0,"21":0,"22":0,"23":0,"24":0,"25":0,"26":0,"27":0,"28":0,"29":0,"30":0,"31":0,"32":0,"33":0,"34":0},"f":{"0":0,"1":0},"b":{"0":[0],"1":[0],"2":[0,0],"3":[0],"4":[0],"5":[0],"6":[0,0]}}
,"/Users/macmini/Desktop/projects/backend/nestjs-boilerplate/src/users/infrastructure/persistence/relational/repositories/user.repository.ts": {"path":"/Users/macmini/Desktop/projects/backend/nestjs-boilerplate/src/users/infrastructure/persistence/relational/repositories/user.repository.ts","statementMap":{"0":{"start":{"line":1,"column":0},"end":{"line":1,"column":44}},"1":{"start":{"line":2,"column":0},"end":{"line":2,"column":51}},"2":{"start":{"line":5,"column":0},"end":{"line":5,"column":55}},"3":{"start":{"line":6,"column":0},"end":{"line":6,"column":53}},"4":{"start":{"line":11,"column":0},"end":{"line":11,"column":52}},"5":{"start":{"line":14,"column":7},"end":{"line":92,"column":null}},"6":{"start":{"line":17,"column":21},"end":{"line":17,"column":38}},"7":{"start":{"line":21,"column":29},"end":{"line":21,"column":59}},"8":{"start":{"line":22,"column":22},"end":{"line":23,"column":null}},"9":{"start":{"line":25,"column":4},"end":{"line":25,"column":42}},"10":{"start":{"line":37,"column":48},"end":{"line":37,"column":50}},"11":{"start":{"line":38,"column":4},"end":{"line":42,"column":5}},"12":{"start":{"line":39,"column":6},"end":{"line":41,"column":10}},"13":{"start":{"line":39,"column":54},"end":{"line":41,"column":8}},"14":{"start":{"line":44,"column":21},"end":{"line":55,"column":6}},"15":{"start":{"line":49,"column":32},"end":{"line":52,"column":10}},"16":{"start":{"line":57,"column":4},"end":{"line":57,"column":61}},"17":{"start":{"line":57,"column":34},"end":{"line":57,"column":59}},"18":{"start":{"line":61,"column":19},"end":{"line":63,"column":6}},"19":{"start":{"line":65,"column":4},"end":{"line":65,"column":55}},"20":{"start":{"line":69,"column":19},"end":{"line":71,"column":6}},"21":{"start":{"line":73,"column":4},"end":{"line":75,"column":5}},"22":{"start":{"line":74,"column":6},"end":{"line":74,"column":40}},"23":{"start":{"line":77,"column":26},"end":{"line":83,"column":null}},"24":{"start":{"line":86,"column":4},"end":{"line":86,"column":46}},"25":{"start":{"line":90,"column":4},"end":{"line":90,"column":46}},"26":{"start":{"line":14,"column":13},"end":{"line":14,"column":38}},"27":{"start":{"line":14,"column":13},"end":{"line":92,"column":null}}},"fnMap":{"0":{"name":"(anonymous_4)","decl":{"start":{"line":15,"column":2},"end":{"line":15,"column":null}},"loc":{"start":{"line":17,"column":60},"end":{"line":18,"column":6}}},"1":{"name":"(anonymous_5)","decl":{"start":{"line":20,"column":2},"end":{"line":20,"column":7}},"loc":{"start":{"line":20,"column":25},"end":{"line":26,"column":3}}},"2":{"name":"(anonymous_6)","decl":{"start":{"line":28,"column":2},"end":{"line":28,"column":7}},"loc":{"start":{"line":36,"column":3},"end":{"line":58,"column":3}}},"3":{"name":"(anonymous_7)","decl":{"start":{"line":39,"column":43},"end":{"line":39,"column":44}},"loc":{"start":{"line":39,"column":54},"end":{"line":41,"column":8}}},"4":{"name":"(anonymous_8)","decl":{"start":{"line":49,"column":8},"end":{"line":49,"column":9}},"loc":{"start":{"line":49,"column":32},"end":{"line":52,"column":10}}},"5":{"name":"(anonymous_9)","decl":{"start":{"line":57,"column":24},"end":{"line":57,"column":25}},"loc":{"start":{"line":57,"column":34},"end":{"line":57,"column":59}}},"6":{"name":"(anonymous_10)","decl":{"start":{"line":60,"column":2},"end":{"line":60,"column":7}},"loc":{"start":{"line":60,"column":45},"end":{"line":66,"column":3}}},"7":{"name":"(anonymous_11)","decl":{"start":{"line":68,"column":2},"end":{"line":68,"column":7}},"loc":{"start":{"line":68,"column":53},"end":{"line":87,"column":3}}},"8":{"name":"(anonymous_12)","decl":{"start":{"line":89,"column":2},"end":{"line":89,"column":7}},"loc":{"start":{"line":89,"column":33},"end":{"line":91,"column":3}}}},"branchMap":{"0":{"loc":{"start":{"line":38,"column":4},"end":{"line":42,"column":5}},"type":"if","locations":[{"start":{"line":38,"column":4},"end":{"line":42,"column":5}}]},"1":{"loc":{"start":{"line":65,"column":11},"end":{"line":65,"column":54}},"type":"cond-expr","locations":[{"start":{"line":65,"column":20},"end":{"line":65,"column":47}},{"start":{"line":65,"column":50},"end":{"line":65,"column":54}}]},"2":{"loc":{"start":{"line":73,"column":4},"end":{"line":75,"column":5}},"type":"if","locations":[{"start":{"line":73,"column":4},"end":{"line":75,"column":5}}]}},"s":{"0":0,"1":0,"2":0,"3":0,"4":0,"5":0,"6":0,"7":0,"8":0,"9":0,"10":0,"11":0,"12":0,"13":0,"14":0,"15":0,"16":0,"17":0,"18":0,"19":0,"20":0,"21":0,"22":0,"23":0,"24":0,"25":0,"26":0,"27":0},"f":{"0":0,"1":0,"2":0,"3":0,"4":0,"5":0,"6":0,"7":0,"8":0},"b":{"0":[0],"1":[0,0],"2":[0]}}
,"/Users/macmini/Desktop/projects/backend/nestjs-boilerplate/src/utils/deep-resolver.ts": {"path":"/Users/macmini/Desktop/projects/backend/nestjs-boilerplate/src/utils/deep-resolver.ts","statementMap":{"0":{"start":{"line":2,"column":2},"end":{"line":4,"column":3}},"1":{"start":{"line":3,"column":4},"end":{"line":3,"column":23}},"2":{"start":{"line":6,"column":2},"end":{"line":9,"column":3}},"3":{"start":{"line":7,"column":26},"end":{"line":7,"column":75}},"4":{"start":{"line":8,"column":4},"end":{"line":8,"column":25}},"5":{"start":{"line":11,"column":2},"end":{"line":13,"column":3}},"6":{"start":{"line":12,"column":4},"end":{"line":12,"column":17}},"7":{"start":{"line":15,"column":2},"end":{"line":25,"column":3}},"8":{"start":{"line":16,"column":17},"end":{"line":16,"column":35}},"9":{"start":{"line":17,"column":27},"end":{"line":17,"column":29}},"10":{"start":{"line":19,"column":4},"end":{"line":22,"column":5}},"11":{"start":{"line":20,"column":28},"end":{"line":20,"column":65}},"12":{"start":{"line":21,"column":6},"end":{"line":21,"column":42}},"13":{"start":{"line":24,"column":4},"end":{"line":24,"column":26}},"14":{"start":{"line":27,"column":2},"end":{"line":27,"column":15}},"15":{"start":{"line":30,"column":0},"end":{"line":30,"column":35}}},"fnMap":{"0":{"name":"deepResolvePromises","decl":{"start":{"line":1,"column":15},"end":{"line":1,"column":34}},"loc":{"start":{"line":1,"column":40},"end":{"line":28,"column":1}}}},"branchMap":{"0":{"loc":{"start":{"line":2,"column":2},"end":{"line":4,"column":3}},"type":"if","locations":[{"start":{"line":2,"column":2},"end":{"line":4,"column":3}}]},"1":{"loc":{"start":{"line":6,"column":2},"end":{"line":9,"column":3}},"type":"if","locations":[{"start":{"line":6,"column":2},"end":{"line":9,"column":3}}]},"2":{"loc":{"start":{"line":11,"column":2},"end":{"line":13,"column":3}},"type":"if","locations":[{"start":{"line":11,"column":2},"end":{"line":13,"column":3}}]},"3":{"loc":{"start":{"line":15,"column":2},"end":{"line":25,"column":3}},"type":"if","locations":[{"start":{"line":15,"column":2},"end":{"line":25,"column":3}}]},"4":{"loc":{"start":{"line":15,"column":6},"end":{"line":15,"column":49}},"type":"binary-expr","locations":[{"start":{"line":15,"column":6},"end":{"line":15,"column":31}},{"start":{"line":15,"column":35},"end":{"line":15,"column":49}}]}},"s":{"0":0,"1":0,"2":0,"3":0,"4":0,"5":0,"6":0,"7":0,"8":0,"9":0,"10":0,"11":0,"12":0,"13":0,"14":0,"15":0},"f":{"0":0},"b":{"0":[0],"1":[0],"2":[0],"3":[0],"4":[0,0]}}
,"/Users/macmini/Desktop/projects/backend/nestjs-boilerplate/src/utils/document-entity-helper.ts": {"path":"/Users/macmini/Desktop/projects/backend/nestjs-boilerplate/src/utils/document-entity-helper.ts","statementMap":{"0":{"start":{"line":1,"column":0},"end":{"line":1,"column":46}},"1":{"start":{"line":3,"column":0},"end":{"line":3,"column":13}},"2":{"start":{"line":17,"column":9},"end":{"line":17,"column":null}},"3":{"start":{"line":6,"column":6},"end":{"line":9,"column":7}},"4":{"start":{"line":8,"column":8},"end":{"line":8,"column":47}},"5":{"start":{"line":11,"column":6},"end":{"line":11,"column":29}}},"fnMap":{"0":{"name":"(anonymous_2)","decl":{"start":{"line":5,"column":4},"end":{"line":5,"column":5}},"loc":{"start":{"line":5,"column":14},"end":{"line":12,"column":5}}}},"branchMap":{"0":{"loc":{"start":{"line":6,"column":6},"end":{"line":9,"column":7}},"type":"if","locations":[{"start":{"line":6,"column":6},"end":{"line":9,"column":7}}]}},"s":{"0":0,"1":0,"2":0,"3":0,"4":0,"5":0},"f":{"0":0},"b":{"0":[0]}}
,"/Users/macmini/Desktop/projects/backend/nestjs-boilerplate/src/utils/infinity-pagination.ts": {"path":"/Users/macmini/Desktop/projects/backend/nestjs-boilerplate/src/utils/infinity-pagination.ts","statementMap":{"0":{"start":{"line":4,"column":34},"end":{"line":12,"column":1}},"1":{"start":{"line":8,"column":2},"end":{"line":11,"column":4}},"2":{"start":{"line":4,"column":13},"end":{"line":4,"column":34}}},"fnMap":{"0":{"name":"(anonymous_0)","decl":{"start":{"line":4,"column":34},"end":{"line":4,"column":null}},"loc":{"start":{"line":7,"column":37},"end":{"line":12,"column":1}}}},"branchMap":{},"s":{"0":0,"1":0,"2":0},"f":{"0":0},"b":{}}
,"/Users/macmini/Desktop/projects/backend/nestjs-boilerplate/src/utils/relational-entity-helper.ts": {"path":"/Users/macmini/Desktop/projects/backend/nestjs-boilerplate/src/utils/relational-entity-helper.ts","statementMap":{"0":{"start":{"line":1,"column":0},"end":{"line":1,"column":52}},"1":{"start":{"line":2,"column":0},"end":{"line":2,"column":48}},"2":{"start":{"line":9,"column":4},"end":{"line":9,"column":42}},"3":{"start":{"line":13,"column":4},"end":{"line":13,"column":33}},"4":{"start":{"line":4,"column":0},"end":{"line":4,"column":13}},"5":{"start":{"line":8,"column":2},"end":{"line":10,"column":null}}},"fnMap":{"0":{"name":"(anonymous_2)","decl":{"start":{"line":8,"column":2},"end":{"line":8,"column":15}},"loc":{"start":{"line":8,"column":15},"end":{"line":10,"column":3}}},"1":{"name":"(anonymous_3)","decl":{"start":{"line":12,"column":2},"end":{"line":12,"column":8}},"loc":{"start":{"line":12,"column":8},"end":{"line":14,"column":3}}}},"branchMap":{},"s":{"0":0,"1":0,"2":0,"3":0,"4":0,"5":0},"f":{"0":0,"1":0},"b":{}}
,"/Users/macmini/Desktop/projects/backend/nestjs-boilerplate/src/utils/serializer.interceptor.ts": {"path":"/Users/macmini/Desktop/projects/backend/nestjs-boilerplate/src/utils/serializer.interceptor.ts","statementMap":{"0":{"start":{"line":1,"column":0},"end":{"line":1,"column":null}},"1":{"start":{"line":8,"column":0},"end":{"line":8,"column":37}},"2":{"start":{"line":9,"column":0},"end":{"line":9,"column":50}},"3":{"start":{"line":12,"column":7},"end":{"line":16,"column":null}},"4":{"start":{"line":14,"column":4},"end":{"line":14,"column":72}},"5":{"start":{"line":14,"column":44},"end":{"line":14,"column":69}},"6":{"start":{"line":12,"column":13},"end":{"line":12,"column":39}},"7":{"start":{"line":12,"column":13},"end":{"line":16,"column":null}}},"fnMap":{"0":{"name":"(anonymous_2)","decl":{"start":{"line":13,"column":2},"end":{"line":13,"column":11}},"loc":{"start":{"line":13,"column":56},"end":{"line":15,"column":3}}},"1":{"name":"(anonymous_3)","decl":{"start":{"line":14,"column":34},"end":{"line":14,"column":35}},"loc":{"start":{"line":14,"column":44},"end":{"line":14,"column":69}}}},"branchMap":{},"s":{"0":0,"1":0,"2":0,"3":0,"4":0,"5":0,"6":0,"7":0},"f":{"0":0,"1":0},"b":{}}
,"/Users/macmini/Desktop/projects/backend/nestjs-boilerplate/src/utils/validate-config.ts": {"path":"/Users/macmini/Desktop/projects/backend/nestjs-boilerplate/src/utils/validate-config.ts","statementMap":{"0":{"start":{"line":1,"column":0},"end":{"line":1,"column":49}},"1":{"start":{"line":2,"column":0},"end":{"line":2,"column":47}},"2":{"start":{"line":9,"column":26},"end":{"line":11,"column":4}},"3":{"start":{"line":12,"column":17},"end":{"line":14,"column":4}},"4":{"start":{"line":16,"column":2},"end":{"line":18,"column":3}},"5":{"start":{"line":17,"column":4},"end":{"line":17,"column":39}},"6":{"start":{"line":19,"column":2},"end":{"line":19,"column":25}},"7":{"start":{"line":22,"column":0},"end":{"line":22,"column":30}}},"fnMap":{"0":{"name":"validateConfig","decl":{"start":{"line":5,"column":9},"end":{"line":5,"column":23}},"loc":{"start":{"line":7,"column":40},"end":{"line":20,"column":1}}}},"branchMap":{"0":{"loc":{"start":{"line":16,"column":2},"end":{"line":18,"column":3}},"type":"if","locations":[{"start":{"line":16,"column":2},"end":{"line":18,"column":3}}]}},"s":{"0":0,"1":0,"2":0,"3":0,"4":0,"5":0,"6":0,"7":0},"f":{"0":0},"b":{"0":[0]}}
,"/Users/macmini/Desktop/projects/backend/nestjs-boilerplate/src/utils/validation-options.ts": {"path":"/Users/macmini/Desktop/projects/backend/nestjs-boilerplate/src/utils/validation-options.ts","statementMap":{"0":{"start":{"line":1,"column":0},"end":{"line":1,"column":null}},"1":{"start":{"line":9,"column":2},"end":{"line":18,"column":4}},"2":{"start":{"line":10,"column":36},"end":{"line":16,"column":6}},"3":{"start":{"line":21,"column":49},"end":{"line":34,"column":2}},"4":{"start":{"line":26,"column":4},"end":{"line":32,"column":6}},"5":{"start":{"line":36,"column":0},"end":{"line":36,"column":33}}},"fnMap":{"0":{"name":"generateErrors","decl":{"start":{"line":8,"column":9},"end":{"line":8,"column":23}},"loc":{"start":{"line":8,"column":49},"end":{"line":19,"column":1}}},"1":{"name":"(anonymous_1)","decl":{"start":{"line":10,"column":4},"end":{"line":10,"column":5}},"loc":{"start":{"line":10,"column":36},"end":{"line":16,"column":6}}},"2":{"name":"(anonymous_2)","decl":{"start":{"line":25,"column":20},"end":{"line":25,"column":21}},"loc":{"start":{"line":25,"column":50},"end":{"line":33,"column":3}}}},"branchMap":{"0":{"loc":{"start":{"line":13,"column":8},"end":{"line":15,"column":68}},"type":"cond-expr","locations":[{"start":{"line":14,"column":12},"end":{"line":14,"column":55}},{"start":{"line":15,"column":12},"end":{"line":15,"column":68}}]},"1":{"loc":{"start":{"line":13,"column":9},"end":{"line":13,"column":43}},"type":"binary-expr","locations":[{"start":{"line":13,"column":9},"end":{"line":13,"column":38}},{"start":{"line":13,"column":42},"end":{"line":13,"column":43}}]},"2":{"loc":{"start":{"line":14,"column":27},"end":{"line":14,"column":54}},"type":"binary-expr","locations":[{"start":{"line":14,"column":27},"end":{"line":14,"column":48}},{"start":{"line":14,"column":52},"end":{"line":14,"column":54}}]},"3":{"loc":{"start":{"line":15,"column":26},"end":{"line":15,"column":56}},"type":"binary-expr","locations":[{"start":{"line":15,"column":26},"end":{"line":15,"column":50}},{"start":{"line":15,"column":54},"end":{"line":15,"column":56}}]}},"s":{"0":0,"1":0,"2":0,"3":0,"4":0,"5":0},"f":{"0":0,"1":0,"2":0},"b":{"0":[0,0],"1":[0,0],"2":[0,0],"3":[0,0]}}
,"/Users/macmini/Desktop/projects/backend/nestjs-boilerplate/src/utils/transformers/lower-case.transformer.ts": {"path":"/Users/macmini/Desktop/projects/backend/nestjs-boilerplate/src/utils/transformers/lower-case.transformer.ts","statementMap":{"0":{"start":{"line":4,"column":36},"end":{"line":6,"column":58}},"1":{"start":{"line":6,"column":24},"end":{"line":6,"column":58}},"2":{"start":{"line":4,"column":13},"end":{"line":4,"column":36}}},"fnMap":{"0":{"name":"(anonymous_0)","decl":{"start":{"line":4,"column":36},"end":{"line":4,"column":null}},"loc":{"start":{"line":6,"column":24},"end":{"line":6,"column":58}}}},"branchMap":{},"s":{"0":0,"1":0,"2":0},"f":{"0":0},"b":{}}
}
